#
# A fatal error has been detected by the Java Runtime Environment:
#
#  EXCEPTION_ACCESS_VIOLATION (0xc0000005) at pc=0x0000000087938f90, pid=17220, tid=14552
#
# JRE version: OpenJDK Runtime Environment Corretto-11.0.13.8.1 (11.0.13+8) (build 11.0.13+8-LTS)
# Java VM: OpenJDK 64-Bit Server VM Corretto-11.0.13.8.1 (11.0.13+8-LTS, mixed mode, tiered, compressed oops, g1 gc, windows-amd64)
# Problematic frame:
# C  0x0000000087938f90
#
# No core dump will be written. Minidumps are not enabled by default on client versions of Windows
#
# If you would like to submit a bug report, please visit:
#   https://github.com/corretto/corretto-11/issues/
#

---------------  S U M M A R Y ------------

Command Line: -XX:TieredStopAtLevel=1 -Xverify:none -Dspring.output.ansi.enabled=always -javaagent:C:\Program Files\JetBrains\IntelliJ IDEA 2021.1.3\lib\idea_rt.jar=64454:C:\Program Files\JetBrains\IntelliJ IDEA 2021.1.3\bin -Dcom.sun.management.jmxremote -Dspring.jmx.enabled=true -Dspring.liveBeansView.mbeanDomain -Dspring.application.admin.enabled=true -Dfile.encoding=UTF-8 ru.kata.spring.boot_security.demo.SpringBootSecurityDemoApplication

Host: Intel(R) Core(TM) i5-10210U CPU @ 1.60GHz, 8 cores, 7G,  Windows 10 , 64 bit Build 19041 (10.0.19041.2251)
Time: Thu Nov 17 22:39:50 2022 RTZ 2 (зима) elapsed time: 7.602328 seconds (0d 0h 0m 7s)

---------------  T H R E A D  ---------------

Current thread (0x0000014f6e071800):  GCTaskThread "GC Thread#4" [stack: 0x0000000282a00000,0x0000000282b00000] [id=14552]

Stack: [0x0000000282a00000,0x0000000282b00000],  sp=0x0000000282afdf60,  free space=1015k
Native frames: (J=compiled Java code, j=interpreted, Vv=VM code, C=native code)
C  0x0000000087938f90

JavaThread 0x0000014f70834800 (nid = 15500) was being processed
Java frames: (J=compiled Java code, j=interpreted, Vv=VM code)
v  ~RuntimeStub::new_type_array Runtime1 stub
J 288 c1 java.util.zip.ZipFile$Source.getEntryPos([BZ)I java.base@11.0.13 (206 bytes) @ 0x0000014f554e1006 [0x0000014f554e0b00+0x0000000000000506]
J 323 c1 java.util.zip.ZipFile.getEntry(Ljava/lang/String;Ljava/util/function/Function;)Ljava/util/zip/ZipEntry; java.base@11.0.13 (73 bytes) @ 0x0000014f554ea66c [0x0000014f554ea500+0x000000000000016c]
J 1232 c1 java.util.jar.JarFile.getVersionedEntry(Ljava/lang/String;Ljava/util/jar/JarEntry;)Ljava/util/jar/JarEntry; java.base@11.0.13 (85 bytes) @ 0x0000014f55641844 [0x0000014f55641560+0x00000000000002e4]
J 1175 c1 java.util.jar.JarFile.getEntry(Ljava/lang/String;)Ljava/util/zip/ZipEntry; java.base@11.0.13 (22 bytes) @ 0x0000014f5562bb0c [0x0000014f5562b960+0x00000000000001ac]
J 1176 c1 jdk.internal.loader.URLClassPath$JarLoader.getResource(Ljava/lang/String;Z)Ljdk/internal/loader/Resource; java.base@11.0.13 (65 bytes) @ 0x0000014f5562c01c [0x0000014f5562bfa0+0x000000000000007c]
J 1145 c1 jdk.internal.loader.URLClassPath.getResource(Ljava/lang/String;Z)Ljdk/internal/loader/Resource; java.base@11.0.13 (74 bytes) @ 0x0000014f55621344 [0x0000014f556212e0+0x0000000000000064]
J 1265 c1 jdk.internal.loader.BuiltinClassLoader.findClassOnClassPathOrNull(Ljava/lang/String;)Ljava/lang/Class; java.base@11.0.13 (64 bytes) @ 0x0000014f55651a44 [0x0000014f556519a0+0x00000000000000a4]
J 1137 c1 jdk.internal.loader.BuiltinClassLoader.loadClassOrNull(Ljava/lang/String;Z)Ljava/lang/Class; java.base@11.0.13 (143 bytes) @ 0x0000014f5561874c [0x0000014f556182a0+0x00000000000004ac]
J 1216 c1 jdk.internal.loader.ClassLoaders$AppClassLoader.loadClass(Ljava/lang/String;Z)Ljava/lang/Class; java.base@11.0.13 (40 bytes) @ 0x0000014f5563bac4 [0x0000014f5563b980+0x0000000000000144]
J 1213 c1 java.lang.ClassLoader.loadClass(Ljava/lang/String;)Ljava/lang/Class; java.base@11.0.13 (7 bytes) @ 0x0000014f5563af84 [0x0000014f5563af40+0x0000000000000044]
v  ~StubRoutines::call_stub
j  org.thymeleaf.standard.expression.ExpressionParsingUtil.<clinit>()V+37
v  ~StubRoutines::call_stub
j  org.thymeleaf.standard.expression.Expression.parse(Ljava/lang/String;)Lorg/thymeleaf/standard/expression/Expression;+7
j  org.thymeleaf.standard.expression.StandardExpressionParser.parseExpression(Lorg/thymeleaf/context/IExpressionContext;Ljava/lang/String;Z)Lorg/thymeleaf/standard/expression/IStandardExpression;+43
j  org.thymeleaf.standard.expression.StandardExpressionParser.parseExpression(Lorg/thymeleaf/context/IExpressionContext;Ljava/lang/String;)Lorg/thymeleaf/standard/expression/Expression;+15
j  org.thymeleaf.standard.expression.StandardExpressionParser.parseExpression(Lorg/thymeleaf/context/IExpressionContext;Ljava/lang/String;)Lorg/thymeleaf/standard/expression/IStandardExpression;+3
j  org.thymeleaf.engine.EngineEventUtils.parseAttributeExpression(Lorg/thymeleaf/context/ITemplateContext;Ljava/lang/String;)Lorg/thymeleaf/standard/expression/IStandardExpression;+13
j  org.thymeleaf.engine.EngineEventUtils.computeAttributeExpression(Lorg/thymeleaf/context/ITemplateContext;Lorg/thymeleaf/model/IProcessableElementTag;Lorg/thymeleaf/engine/AttributeName;Ljava/lang/String;)Lorg/thymeleaf/standard/expression/IStandardExpression;+47
j  org.thymeleaf.standard.processor.AbstractStandardExpressionAttributeTagProcessor.doProcess(Lorg/thymeleaf/context/ITemplateContext;Lorg/thymeleaf/model/IProcessableElementTag;Lorg/thymeleaf/engine/AttributeName;Ljava/lang/String;Lorg/thymeleaf/processor/element/IElementTagStructureHandler;)V+10
j  org.thymeleaf.processor.element.AbstractAttributeTagProcessor.doProcess(Lorg/thymeleaf/context/ITemplateContext;Lorg/thymeleaf/model/IProcessableElementTag;Lorg/thymeleaf/processor/element/IElementTagStructureHandler;)V+39
j  org.thymeleaf.processor.element.AbstractElementTagProcessor.process(Lorg/thymeleaf/context/ITemplateContext;Lorg/thymeleaf/model/IProcessableElementTag;Lorg/thymeleaf/processor/element/IElementTagStructureHandler;)V+4
j  org.thymeleaf.util.ProcessorConfigurationUtils$ElementTagProcessorWrapper.process(Lorg/thymeleaf/context/ITemplateContext;Lorg/thymeleaf/model/IProcessableElementTag;Lorg/thymeleaf/processor/element/IElementTagStructureHandler;)V+7
j  org.thymeleaf.engine.ProcessorTemplateHandler.handleOpenElement(Lorg/thymeleaf/model/IOpenElementTag;)V+179
j  org.thymeleaf.engine.OpenElementTag.beHandled(Lorg/thymeleaf/engine/ITemplateHandler;)V+2
j  org.thymeleaf.engine.TemplateModel.process(Lorg/thymeleaf/engine/ITemplateHandler;)V+18
j  org.thymeleaf.engine.TemplateManager.parseAndProcess(Lorg/thymeleaf/TemplateSpec;Lorg/thymeleaf/context/IContext;Ljava/io/Writer;)V+312
j  org.thymeleaf.TemplateEngine.process(Lorg/thymeleaf/TemplateSpec;Lorg/thymeleaf/context/IContext;Ljava/io/Writer;)V+94
j  org.thymeleaf.TemplateEngine.process(Ljava/lang/String;Ljava/util/Set;Lorg/thymeleaf/context/IContext;Ljava/io/Writer;)V+16
j  org.thymeleaf.spring5.view.ThymeleafView.renderFragment(Ljava/util/Set;Ljava/util/Map;Ljavax/servlet/http/HttpServletRequest;Ljavax/servlet/http/HttpServletResponse;)V+753
j  org.thymeleaf.spring5.view.ThymeleafView.render(Ljava/util/Map;Ljavax/servlet/http/HttpServletRequest;Ljavax/servlet/http/HttpServletResponse;)V+8
j  org.springframework.web.servlet.DispatcherServlet.render(Lorg/springframework/web/servlet/ModelAndView;Ljavax/servlet/http/HttpServletRequest;Ljavax/servlet/http/HttpServletResponse;)V+259
j  org.springframework.web.servlet.DispatcherServlet.processDispatchResult(Ljavax/servlet/http/HttpServletRequest;Ljavax/servlet/http/HttpServletResponse;Lorg/springframework/web/servlet/HandlerExecutionChain;Lorg/springframework/web/servlet/ModelAndView;Ljava/lang/Exception;)V+98
j  org.springframework.web.servlet.DispatcherServlet.doDispatch(Ljavax/servlet/http/HttpServletRequest;Ljavax/servlet/http/HttpServletResponse;)V+360
j  org.springframework.web.servlet.DispatcherServlet.doService(Ljavax/servlet/http/HttpServletRequest;Ljavax/servlet/http/HttpServletResponse;)V+241
j  org.springframework.web.servlet.FrameworkServlet.processRequest(Ljavax/servlet/http/HttpServletRequest;Ljavax/servlet/http/HttpServletResponse;)V+71
j  org.springframework.web.servlet.FrameworkServlet.doGet(Ljavax/servlet/http/HttpServletRequest;Ljavax/servlet/http/HttpServletResponse;)V+3
j  javax.servlet.http.HttpServlet.service(Ljavax/servlet/http/HttpServletRequest;Ljavax/servlet/http/HttpServletResponse;)V+35
j  org.springframework.web.servlet.FrameworkServlet.service(Ljavax/servlet/http/HttpServletRequest;Ljavax/servlet/http/HttpServletResponse;)V+33
j  javax.servlet.http.HttpServlet.service(Ljavax/servlet/ServletRequest;Ljavax/servlet/ServletResponse;)V+36
j  org.apache.catalina.core.ApplicationFilterChain.internalDoFilter(Ljavax/servlet/ServletRequest;Ljavax/servlet/ServletResponse;)V+304
j  org.apache.catalina.core.ApplicationFilterChain.doFilter(Ljavax/servlet/ServletRequest;Ljavax/servlet/ServletResponse;)V+99
j  org.apache.tomcat.websocket.server.WsFilter.doFilter(Ljavax/servlet/ServletRequest;Ljavax/servlet/ServletResponse;Ljavax/servlet/FilterChain;)V+21
j  org.apache.catalina.core.ApplicationFilterChain.internalDoFilter(Ljavax/servlet/ServletRequest;Ljavax/servlet/ServletResponse;)V+135
j  org.apache.catalina.core.ApplicationFilterChain.doFilter(Ljavax/servlet/ServletRequest;Ljavax/servlet/ServletResponse;)V+99
j  org.springframework.security.web.FilterChainProxy$VirtualFilterChain.doFilter(Ljavax/servlet/ServletRequest;Ljavax/servlet/ServletResponse;)V+52
j  org.springframework.security.web.access.intercept.FilterSecurityInterceptor.invoke(Lorg/springframework/security/web/FilterInvocation;)V+79
j  org.springframework.security.web.access.intercept.FilterSecurityInterceptor.doFilter(Ljavax/servlet/ServletRequest;Ljavax/servlet/ServletResponse;Ljavax/servlet/FilterChain;)V+11
j  org.springframework.security.web.FilterChainProxy$VirtualFilterChain.doFilter(Ljavax/servlet/ServletRequest;Ljavax/servlet/ServletResponse;)V+136
j  org.springframework.security.web.access.ExceptionTranslationFilter.doFilter(Ljavax/servlet/http/HttpServletRequest;Ljavax/servlet/http/HttpServletResponse;Ljavax/servlet/FilterChain;)V+3
j  org.springframework.security.web.access.ExceptionTranslationFilter.doFilter(Ljavax/servlet/ServletRequest;Ljavax/servlet/ServletResponse;Ljavax/servlet/FilterChain;)V+10
j  org.springframework.security.web.FilterChainProxy$VirtualFilterChain.doFilter(Ljavax/servlet/ServletRequest;Ljavax/servlet/ServletResponse;)V+136
j  org.springframework.security.web.session.SessionManagementFilter.doFilter(Ljavax/servlet/http/HttpServletRequest;Ljavax/servlet/http/HttpServletResponse;Ljavax/servlet/FilterChain;)V+210
j  org.springframework.security.web.session.SessionManagementFilter.doFilter(Ljavax/servlet/ServletRequest;Ljavax/servlet/ServletResponse;Ljavax/servlet/FilterChain;)V+10
j  org.springframework.security.web.FilterChainProxy$VirtualFilterChain.doFilter(Ljavax/servlet/ServletRequest;Ljavax/servlet/ServletResponse;)V+136
j  org.springframework.security.web.authentication.AnonymousAuthenticationFilter.doFilter(Ljavax/servlet/ServletRequest;Ljavax/servlet/ServletResponse;Ljavax/servlet/FilterChain;)V+118
j  org.springframework.security.web.FilterChainProxy$VirtualFilterChain.doFilter(Ljavax/servlet/ServletRequest;Ljavax/servlet/ServletResponse;)V+136
j  org.springframework.security.web.servletapi.SecurityContextHolderAwareRequestFilter.doFilter(Ljavax/servlet/ServletRequest;Ljavax/servlet/ServletResponse;Ljavax/servlet/FilterChain;)V+19
j  org.springframework.security.web.FilterChainProxy$VirtualFilterChain.doFilter(Ljavax/servlet/ServletRequest;Ljavax/servlet/ServletResponse;)V+136
j  org.springframework.security.web.savedrequest.RequestCacheAwareFilter.doFilter(Ljavax/servlet/ServletRequest;Ljavax/servlet/ServletResponse;Ljavax/servlet/FilterChain;)V+32
j  org.springframework.security.web.FilterChainProxy$VirtualFilterChain.doFilter(Ljavax/servlet/ServletRequest;Ljavax/servlet/ServletResponse;)V+136
j  org.springframework.security.web.authentication.AbstractAuthenticationProcessingFilter.doFilter(Ljavax/servlet/http/HttpServletRequest;Ljavax/servlet/http/HttpServletResponse;Ljavax/servlet/FilterChain;)V+12
j  org.springframework.security.web.authentication.AbstractAuthenticationProcessingFilter.doFilter(Ljavax/servlet/ServletRequest;Ljavax/servlet/ServletResponse;Ljavax/servlet/FilterChain;)V+10
j  org.springframework.security.web.FilterChainProxy$VirtualFilterChain.doFilter(Ljavax/servlet/ServletRequest;Ljavax/servlet/ServletResponse;)V+136
j  org.springframework.security.web.authentication.logout.LogoutFilter.doFilter(Ljavax/servlet/http/HttpServletRequest;Ljavax/servlet/http/HttpServletResponse;Ljavax/servlet/FilterChain;)V+77
j  org.springframework.security.web.authentication.logout.LogoutFilter.doFilter(Ljavax/servlet/ServletRequest;Ljavax/servlet/ServletResponse;Ljavax/servlet/FilterChain;)V+10
j  org.springframework.security.web.FilterChainProxy$VirtualFilterChain.doFilter(Ljavax/servlet/ServletRequest;Ljavax/servlet/ServletResponse;)V+136
j  org.springframework.security.web.csrf.CsrfFilter.doFilterInternal(Ljavax/servlet/http/HttpServletRequest;Ljavax/servlet/http/HttpServletResponse;Ljavax/servlet/FilterChain;)V+153
j  org.springframework.web.filter.OncePerRequestFilter.doFilter(Ljavax/servlet/ServletRequest;Ljavax/servlet/ServletResponse;Ljavax/servlet/FilterChain;)V+147
j  org.springframework.security.web.FilterChainProxy$VirtualFilterChain.doFilter(Ljavax/servlet/ServletRequest;Ljavax/servlet/ServletResponse;)V+136
j  org.springframework.security.web.header.HeaderWriterFilter.doHeadersAfter(Ljavax/servlet/http/HttpServletRequest;Ljavax/servlet/http/HttpServletResponse;Ljavax/servlet/FilterChain;)V+29
j  org.springframework.security.web.header.HeaderWriterFilter.doFilterInternal(Ljavax/servlet/http/HttpServletRequest;Ljavax/servlet/http/HttpServletResponse;Ljavax/servlet/FilterChain;)V+21
j  org.springframework.web.filter.OncePerRequestFilter.doFilter(Ljavax/servlet/ServletRequest;Ljavax/servlet/ServletResponse;Ljavax/servlet/FilterChain;)V+147
j  org.springframework.security.web.FilterChainProxy$VirtualFilterChain.doFilter(Ljavax/servlet/ServletRequest;Ljavax/servlet/ServletResponse;)V+136
j  org.springframework.security.web.context.SecurityContextPersistenceFilter.doFilter(Ljavax/servlet/http/HttpServletRequest;Ljavax/servlet/http/HttpServletResponse;Ljavax/servlet/FilterChain;)V+181
j  org.springframework.security.web.context.SecurityContextPersistenceFilter.doFilter(Ljavax/servlet/ServletRequest;Ljavax/servlet/ServletResponse;Ljavax/servlet/FilterChain;)V+10
j  org.springframework.security.web.FilterChainProxy$VirtualFilterChain.doFilter(Ljavax/servlet/ServletRequest;Ljavax/servlet/ServletResponse;)V+136
j  org.springframework.security.web.context.request.async.WebAsyncManagerIntegrationFilter.doFilterInternal(Ljavax/servlet/http/HttpServletRequest;Ljavax/servlet/http/HttpServletResponse;Ljavax/servlet/FilterChain;)V+42
j  org.springframework.web.filter.OncePerRequestFilter.doFilter(Ljavax/servlet/ServletRequest;Ljavax/servlet/ServletResponse;Ljavax/servlet/FilterChain;)V+147
j  org.springframework.security.web.FilterChainProxy$VirtualFilterChain.doFilter(Ljavax/servlet/ServletRequest;Ljavax/servlet/ServletResponse;)V+136
j  org.springframework.security.web.FilterChainProxy.doFilterInternal(Ljavax/servlet/ServletRequest;Ljavax/servlet/ServletResponse;Ljavax/servlet/FilterChain;)V+148
j  org.springframework.security.web.FilterChainProxy.doFilter(Ljavax/servlet/ServletRequest;Ljavax/servlet/ServletResponse;Ljavax/servlet/FilterChain;)V+48
j  org.springframework.web.filter.DelegatingFilterProxy.invokeDelegate(Ljavax/servlet/Filter;Ljavax/servlet/ServletRequest;Ljavax/servlet/ServletResponse;Ljavax/servlet/FilterChain;)V+5
j  org.springframework.web.filter.DelegatingFilterProxy.doFilter(Ljavax/servlet/ServletRequest;Ljavax/servlet/ServletResponse;Ljavax/servlet/FilterChain;)V+85
j  org.apache.catalina.core.ApplicationFilterChain.internalDoFilter(Ljavax/servlet/ServletRequest;Ljavax/servlet/ServletResponse;)V+135
j  org.apache.catalina.core.ApplicationFilterChain.doFilter(Ljavax/servlet/ServletRequest;Ljavax/servlet/ServletResponse;)V+99
j  org.springframework.web.filter.RequestContextFilter.doFilterInternal(Ljavax/servlet/http/HttpServletRequest;Ljavax/servlet/http/HttpServletResponse;Ljavax/servlet/FilterChain;)V+21
j  org.springframework.web.filter.OncePerRequestFilter.doFilter(Ljavax/servlet/ServletRequest;Ljavax/servlet/ServletResponse;Ljavax/servlet/FilterChain;)V+147
j  org.apache.catalina.core.ApplicationFilterChain.internalDoFilter(Ljavax/servlet/ServletRequest;Ljavax/servlet/ServletResponse;)V+135
j  org.apache.catalina.core.ApplicationFilterChain.doFilter(Ljavax/servlet/ServletRequest;Ljavax/servlet/ServletResponse;)V+99
j  org.springframework.web.filter.FormContentFilter.doFilterInternal(Ljavax/servlet/http/HttpServletRequest;Ljavax/servlet/http/HttpServletResponse;Ljavax/servlet/FilterChain;)V+38
j  org.springframework.web.filter.OncePerRequestFilter.doFilter(Ljavax/servlet/ServletRequest;Ljavax/servlet/ServletResponse;Ljavax/servlet/FilterChain;)V+147
j  org.apache.catalina.core.ApplicationFilterChain.internalDoFilter(Ljavax/servlet/ServletRequest;Ljavax/servlet/ServletResponse;)V+135
j  org.apache.catalina.core.ApplicationFilterChain.doFilter(Ljavax/servlet/ServletRequest;Ljavax/servlet/ServletResponse;)V+99
j  org.springframework.web.filter.HiddenHttpMethodFilter.doFilterInternal(Ljavax/servlet/http/HttpServletRequest;Ljavax/servlet/http/HttpServletResponse;Ljavax/servlet/FilterChain;)V+87
j  org.springframework.web.filter.OncePerRequestFilter.doFilter(Ljavax/servlet/ServletRequest;Ljavax/servlet/ServletResponse;Ljavax/servlet/FilterChain;)V+147
j  org.apache.catalina.core.ApplicationFilterChain.internalDoFilter(Ljavax/servlet/ServletRequest;Ljavax/servlet/ServletResponse;)V+135
j  org.apache.catalina.core.ApplicationFilterChain.doFilter(Ljavax/servlet/ServletRequest;Ljavax/servlet/ServletResponse;)V+99
j  org.springframework.web.filter.CharacterEncodingFilter.doFilterInternal(Ljavax/servlet/http/HttpServletRequest;Ljavax/servlet/http/HttpServletResponse;Ljavax/servlet/FilterChain;)V+53
j  org.springframework.web.filter.OncePerRequestFilter.doFilter(Ljavax/servlet/ServletRequest;Ljavax/servlet/ServletResponse;Ljavax/servlet/FilterChain;)V+147
j  org.apache.catalina.core.ApplicationFilterChain.internalDoFilter(Ljavax/servlet/ServletRequest;Ljavax/servlet/ServletResponse;)V+135
j  org.apache.catalina.core.ApplicationFilterChain.doFilter(Ljavax/servlet/ServletRequest;Ljavax/servlet/ServletResponse;)V+99
j  org.apache.catalina.core.StandardWrapperValve.invoke(Lorg/apache/catalina/connector/Request;Lorg/apache/catalina/connector/Response;)V+694
j  org.apache.catalina.core.StandardContextValve.invoke(Lorg/apache/catalina/connector/Request;Lorg/apache/catalina/connector/Response;)V+169
j  org.apache.catalina.authenticator.AuthenticatorBase.invoke(Lorg/apache/catalina/connector/Request;Lorg/apache/catalina/connector/Response;)V+260
j  org.apache.catalina.core.StandardHostValve.invoke(Lorg/apache/catalina/connector/Request;Lorg/apache/catalina/connector/Response;)V+128
j  org.apache.catalina.valves.ErrorReportValve.invoke(Lorg/apache/catalina/connector/Request;Lorg/apache/catalina/connector/Response;)V+6
j  org.apache.catalina.core.StandardEngineValve.invoke(Lorg/apache/catalina/connector/Request;Lorg/apache/catalina/connector/Response;)V+59
j  org.apache.catalina.connector.CoyoteAdapter.service(Lorg/apache/coyote/Request;Lorg/apache/coyote/Response;)V+199
j  org.apache.coyote.http11.Http11Processor.service(Lorg/apache/tomcat/util/net/SocketWrapperBase;)Lorg/apache/tomcat/util/net/AbstractEndpoint$Handler$SocketState;+737
j  org.apache.coyote.AbstractProcessorLight.process(Lorg/apache/tomcat/util/net/SocketWrapperBase;Lorg/apache/tomcat/util/net/SocketEvent;)Lorg/apache/tomcat/util/net/AbstractEndpoint$Handler$SocketState;+170
j  org.apache.coyote.AbstractProtocol$ConnectionHandler.process(Lorg/apache/tomcat/util/net/SocketWrapperBase;Lorg/apache/tomcat/util/net/SocketEvent;)Lorg/apache/tomcat/util/net/AbstractEndpoint$Handler$SocketState;+505
j  org.apache.tomcat.util.net.NioEndpoint$SocketProcessor.doRun()V+216
j  org.apache.tomcat.util.net.SocketProcessorBase.run()V+21
j  org.apache.tomcat.util.threads.ThreadPoolExecutor.runWorker(Lorg/apache/tomcat/util/threads/ThreadPoolExecutor$Worker;)V+92
j  org.apache.tomcat.util.threads.ThreadPoolExecutor$Worker.run()V+5
j  org.apache.tomcat.util.threads.TaskThread$WrappingRunnable.run()V+4
j  java.lang.Thread.run()V+11 java.base@11.0.13
v  ~StubRoutines::call_stub

siginfo: EXCEPTION_ACCESS_VIOLATION (0xc0000005), data execution prevention violation at address 0x0000000087938f90


Register to memory mapping:

RIP=0x0000000087938f90 is an oop: java.lang.reflect.Method 
{0x0000000087938f90} - klass: 'java/lang/reflect/Method'
RAX=0x0 is NULL
RBX=0x0000000000000001 is an unknown value
RCX=0x0000014f702bc3e0 points into unknown readable memory: 0x00007ffae3876f40 | 40 6f 87 e3 fa 7f 00 00
RDX=
[error occurred during error reporting (printing register info), id 0xc0000005, EXCEPTION_ACCESS_VIOLATION (0xc0000005) at pc=0x00007ffae32a56c6]

Registers:
RAX=0x0000000000000000, RBX=0x0000000000000001, RCX=0x0000014f702bc3e0, RDX=0x00000000f16634d8
RSP=0x0000000282afdf60, RBP=0x00007ffae32c8719, RSI=0x0000000086071f01, RDI=0x0000000000000015
R8 =0x0000000100008ba0, R9 =0x00007ffae2fc0000, R10=0x0000000100008f28, R11=0x0000000086071fb0
R12=0x0000000000000001, R13=0x000000000000000b, R14=0x0000000000000006, R15=0x0000000087938ef0
RIP=0x0000000087938f90, EFLAGS=0x0000000000010202

Top of Stack: (sp=0x0000000282afdf60)
0x0000000282afdf60:   0000000000000001 00007ffae32c8719
0x0000000282afdf70:   0000000086071f01 0000014f702bc270
0x0000000282afdf80:   0000000086071fb0 00007ffae329c41e
0x0000000282afdf90:   0000014f00000080 0000000282afe218
0x0000000282afdfa0:   0000000083af9de8 0000000000000040
0x0000000282afdfb0:   0000014f702bc270 0000000000000040
0x0000000282afdfc0:   0000014f4c645680 0000000282afe218
0x0000000282afdfd0:   0000000000000000 0000014f4c645600
0x0000000282afdfe0:   0000000000000008 00007ffae32c6c03
0x0000000282afdff0:   0000014f4c645600 0000014f4c645600
0x0000000282afe000:   0000000000000015 0000000086071f50
0x0000000282afe010:   0000000000000000 0000000086071f51
0x0000000282afe020:   0000000282afe0b0 00007ffae32c8719
0x0000000282afe030:   0000014f707a1201 0000014f702bc270
0x0000000282afe040:   0000000000000008 000000000000000a
0x0000000282afe050:   0000000282afe1f8 00000000000000b3 

Instructions: (pc=0x0000000087938f90)
0x0000000087938e90:   00 00 00 00 28 e9 30 83 bb 1e 07 86 00 00 00 00
0x0000000087938ea0:   74 11 00 20 00 00 00 00 00 00 00 00 00 00 00 00
0x0000000087938eb0:   00 00 00 00 00 00 00 00 1b 00 00 00 01 00 00 00
0x0000000087938ec0:   58 16 93 87 a8 9b 26 83 a0 c4 c8 82 d0 27 93 87
0x0000000087938ed0:   10 c5 c8 82 00 00 00 00 00 00 00 00 e0 27 93 87
0x0000000087938ee0:   00 00 00 00 00 00 00 00 00 00 00 00 78 27 93 87
0x0000000087938ef0:   13 1f 07 86 00 00 00 00 71 da 02 20 20 8f 93 87
0x0000000087938f00:   b0 8c 93 87 00 00 00 00 00 00 00 00 00 00 00 00
0x0000000087938f10:   6a d4 99 05 00 00 00 00 a0 d6 12 15 00 00 00 00
0x0000000087938f20:   43 1f 07 86 00 00 00 00 28 da 02 20 38 8f 93 87
0x0000000087938f30:   90 8f 93 87 00 00 00 00 5b 1f 07 86 00 00 00 00
0x0000000087938f40:   74 11 00 20 00 00 00 00 00 00 00 00 00 00 00 00
0x0000000087938f50:   00 00 00 00 f8 ec c9 82 12 00 00 00 01 04 00 00
0x0000000087938f60:   48 91 0a 83 a8 9b 26 83 a0 c4 c8 82 c8 e8 30 83
0x0000000087938f70:   10 c5 c8 82 e0 e8 30 83 00 00 00 00 00 00 00 00
0x0000000087938f80:   00 00 00 00 00 00 00 00 00 00 00 00 70 e8 30 83
0x0000000087938f90:   b3 1f 07 86 00 00 00 00 74 11 00 20 00 00 00 00
0x0000000087938fa0:   00 00 00 00 00 00 00 00 00 00 00 00 00 00 00 00
0x0000000087938fb0:   1c 00 00 00 01 00 00 00 58 16 93 87 a8 9b 26 83
0x0000000087938fc0:   a0 c4 c8 82 00 27 93 87 10 c5 c8 82 18 27 93 87
0x0000000087938fd0:   00 00 00 00 60 27 93 87 00 00 00 00 00 00 00 00
0x0000000087938fe0:   00 00 00 00 a8 26 93 87 c3 48 c0 85 00 00 00 00
0x0000000087938ff0:   00 3c 00 20 03 00 00 00 4b 6f df 85 00 00 00 00
0x0000000087939000:   bd d2 02 20 20 90 93 87 01 00 00 00 00 00 00 00
0x0000000087939010:   40 90 93 87 88 90 93 87 a0 90 93 87 58 68 93 87
0x0000000087939020:   73 6f df 85 00 00 00 00 5b ea 01 20 00 00 00 00
0x0000000087939030:   00 00 00 00 00 00 00 00 00 00 00 00 00 00 00 00
0x0000000087939040:   93 6f df 85 00 00 00 00 55 d3 02 20 58 90 93 87
0x0000000087939050:   58 68 93 87 00 00 00 00 ab 6f df 85 00 00 00 00
0x0000000087939060:   7b 37 00 20 78 90 93 87 00 00 00 00 00 00 00 00
0x0000000087939070:   00 00 00 00 00 00 00 00 cb 6f df 85 00 00 00 00
0x0000000087939080:   0c 38 00 20 00 00 00 00 db 6f df 85 00 00 00 00 


Stack slot to memory mapping:
stack at sp + 0 slots: 0x0000000000000001 is an unknown value
stack at sp + 1 slots: 0x00007ffae32c8719 jvm.dll
stack at sp + 2 slots: 0x0000000086071f01 is pointing into object: java.lang.reflect.Method 
{0x0000000086071eb8} - klass: 'java/lang/reflect/Method'
stack at sp + 3 slots: 0x0000014f702bc270 points into unknown readable memory: 0x00007ffae3876f88 | 88 6f 87 e3 fa 7f 00 00
stack at sp + 4 slots: 0x0000000086071fb0 is an oop: java.lang.reflect.Method 
{0x0000000086071fb0} - klass: 'java/lang/reflect/Method'
stack at sp + 5 slots: 0x00007ffae329c41e jvm.dll
stack at sp + 6 slots: 0x0000014f00000080 is an unknown value
stack at sp + 7 slots: 0x0000000282afe218 points into unknown readable memory: 0x0000014f7205ecd0 | d0 ec 05 72 4f 01 00 00


---------------  P R O C E S S  ---------------

Threads class SMR info:
_java_thread_list=0x0000014f7087ce00, length=24, elements={
0x0000014f6b567800, 0x0000014f6b572800, 0x0000014f6b583000, 0x0000014f6b586000,
0x0000014f6b587000, 0x0000014f6b58a000, 0x0000014f6bee5000, 0x0000014f6c02f800,
0x0000014f6c571800, 0x0000014f6c6dc800, 0x0000014f6da73000, 0x0000014f6db31800,
0x0000014f6dec8800, 0x0000014f6e00e800, 0x0000014f6df4f800, 0x0000014f6df50000,
0x0000014f6e400800, 0x0000014f70242800, 0x0000014f70831800, 0x0000014f70833000,
0x0000014f70836000, 0x0000014f70835800, 0x0000014f70833800, 0x0000014f70834800
}

Java Threads: ( => current thread )
  0x0000014f6b567800 JavaThread "Reference Handler" daemon [_thread_blocked, id=676, stack(0x0000000281500000,0x0000000281600000)]
  0x0000014f6b572800 JavaThread "Finalizer" daemon [_thread_blocked, id=18424, stack(0x0000000281600000,0x0000000281700000)]
  0x0000014f6b583000 JavaThread "Signal Dispatcher" daemon [_thread_blocked, id=17048, stack(0x0000000281700000,0x0000000281800000)]
  0x0000014f6b586000 JavaThread "Attach Listener" daemon [_thread_blocked, id=1448, stack(0x0000000281800000,0x0000000281900000)]
  0x0000014f6b587000 JavaThread "Service Thread" daemon [_thread_blocked, id=17464, stack(0x0000000281900000,0x0000000281a00000)]
  0x0000014f6b58a000 JavaThread "C1 CompilerThread0" daemon [_thread_blocked, id=11956, stack(0x0000000281a00000,0x0000000281b00000)]
  0x0000014f6bee5000 JavaThread "Sweeper thread" daemon [_thread_blocked, id=11436, stack(0x0000000281b00000,0x0000000281c00000)]
  0x0000014f6c02f800 JavaThread "Common-Cleaner" daemon [_thread_blocked, id=9940, stack(0x0000000281c00000,0x0000000281d00000)]
  0x0000014f6c571800 JavaThread "Monitor Ctrl-Break" daemon [_thread_in_native, id=6704, stack(0x0000000281d00000,0x0000000281e00000)]
  0x0000014f6c6dc800 JavaThread "RMI TCP Accept-0" daemon [_thread_in_native, id=12504, stack(0x0000000281e00000,0x0000000281f00000)]
  0x0000014f6da73000 JavaThread "RMI TCP Connection(1)-192.168.56.1" daemon [_thread_in_native, id=12984, stack(0x0000000282500000,0x0000000282600000)]
  0x0000014f6db31800 JavaThread "RMI Scheduler(0)" daemon [_thread_blocked, id=17492, stack(0x0000000282200000,0x0000000282300000)]
  0x0000014f6dec8800 JavaThread "Catalina-utility-1" [_thread_blocked, id=18352, stack(0x0000000282600000,0x0000000282700000)]
  0x0000014f6e00e800 JavaThread "Catalina-utility-2" [_thread_blocked, id=17156, stack(0x0000000282700000,0x0000000282800000)]
  0x0000014f6df4f800 JavaThread "container-0" [_thread_blocked, id=17204, stack(0x0000000282800000,0x0000000282900000)]
  0x0000014f6df50000 JavaThread "mysql-cj-abandoned-connection-cleanup" daemon [_thread_blocked, id=12360, stack(0x0000000282900000,0x0000000282a00000)]
  0x0000014f6e400800 JavaThread "HikariPool-1 housekeeper" daemon [_thread_blocked, id=1948, stack(0x0000000282f00000,0x0000000283000000)]
  0x0000014f70242800 JavaThread "HikariPool-1 connection adder" daemon [_thread_blocked, id=17984, stack(0x0000000283000000,0x0000000283100000)]
  0x0000014f70831800 JavaThread "http-nio-8080-Poller" daemon [_thread_in_native, id=17604, stack(0x0000000283100000,0x0000000283200000)]
  0x0000014f70833000 JavaThread "http-nio-8080-Acceptor" daemon [_thread_in_native, id=3724, stack(0x0000000283200000,0x0000000283300000)]
  0x0000014f70836000 JavaThread "DestroyJavaVM" [_thread_blocked, id=18148, stack(0x0000000280e00000,0x0000000280f00000)]
  0x0000014f70835800 JavaThread "RMI TCP Connection(2)-192.168.56.1" daemon [_thread_in_native, id=7260, stack(0x0000000283300000,0x0000000283400000)]
  0x0000014f70833800 JavaThread "RMI TCP Connection(3)-192.168.56.1" daemon [_thread_in_native, id=18092, stack(0x0000000283400000,0x0000000283500000)]
  0x0000014f70834800 JavaThread "http-nio-8080-exec-1" daemon [_thread_blocked, id=15500, stack(0x0000000283500000,0x0000000283600000)]

Other Threads:
  0x0000014f6b541800 VMThread "VM Thread" [stack: 0x0000000281400000,0x0000000281500000] [id=3040]
  0x0000014f6c6ce800 WatcherThread [stack: 0x0000000281f00000,0x0000000282000000] [id=17884]
  0x0000014f4c641000 GCTaskThread "GC Thread#0" [stack: 0x0000000280f00000,0x0000000281000000] [id=16484]
  0x0000014f6c7d3000 GCTaskThread "GC Thread#1" [stack: 0x0000000282000000,0x0000000282100000] [id=15364]
  0x0000014f6ca78800 GCTaskThread "GC Thread#2" [stack: 0x0000000282100000,0x0000000282200000] [id=16188]
  0x0000014f6d7b9000 GCTaskThread "GC Thread#3" [stack: 0x0000000282300000,0x0000000282400000] [id=11668]
=>0x0000014f6e071800 GCTaskThread "GC Thread#4" [stack: 0x0000000282a00000,0x0000000282b00000] [id=14552]
  0x0000014f6e072000 GCTaskThread "GC Thread#5" [stack: 0x0000000282b00000,0x0000000282c00000] [id=15768]
  0x0000014f6e072800 GCTaskThread "GC Thread#6" [stack: 0x0000000282c00000,0x0000000282d00000] [id=16936]
  0x0000014f6e073800 GCTaskThread "GC Thread#7" [stack: 0x0000000282d00000,0x0000000282e00000] [id=18176]
  0x0000014f4c675800 ConcurrentGCThread "G1 Main Marker" [stack: 0x0000000281000000,0x0000000281100000] [id=11536]
  0x0000014f4c677800 ConcurrentGCThread "G1 Conc#0" [stack: 0x0000000281100000,0x0000000281200000] [id=8516]
  0x0000014f6d797000 ConcurrentGCThread "G1 Conc#1" [stack: 0x0000000282400000,0x0000000282500000] [id=14944]
  0x0000014f6b3a8800 ConcurrentGCThread "G1 Refine#0" [stack: 0x0000000281200000,0x0000000281300000] [id=2184]
  0x0000014f6b3aa800 ConcurrentGCThread "G1 Young RemSet Sampling" [stack: 0x0000000281300000,0x0000000281400000] [id=15668]

Threads with active compile tasks:

VM state:at safepoint (normal execution)

VM Mutex/Monitor currently owned by a thread:  ([mutex/lock_event])
[0x0000014f4c625950] Threads_lock - owner thread: 0x0000014f6b541800
[0x0000014f4c625440] Heap_lock - owner thread: 0x0000014f70834800

Heap address: 0x0000000082800000, size: 2008 MB, Compressed Oops mode: 32-bit
Narrow klass base: 0x0000000000000000, Narrow klass shift: 3
Compressed class space size: 1073741824 Address: 0x0000000100000000

Heap:
 garbage-first heap   total 155648K, used 108720K [0x0000000082800000, 0x0000000100000000)
  region size 1024K, 91 young (93184K), 9 survivors (9216K)
 Metaspace       used 65652K, capacity 67653K, committed 67880K, reserved 1107968K
  class space    used 8564K, capacity 9381K, committed 9420K, reserved 1048576K
Heap Regions: E=young(eden), S=young(survivor), O=old, HS=humongous(starts), HC=humongous(continues), CS=collection set, F=free, A=archive, TAMS=top-at-mark-start (previous, next)
|   0|0x0000000082800000, 0x0000000082900000, 0x0000000082900000|100%|HS|  |TAMS 0x0000000082900000, 0x0000000082800000| Complete 
|   1|0x0000000082900000, 0x0000000082a00000, 0x0000000082a00000|100%| O|  |TAMS 0x0000000082a00000, 0x0000000082900000| Untracked 
|   2|0x0000000082a00000, 0x0000000082b00000, 0x0000000082b00000|100%| O|  |TAMS 0x0000000082b00000, 0x0000000082a00000| Untracked 
|   3|0x0000000082b00000, 0x0000000082c00000, 0x0000000082c00000|100%| O|  |TAMS 0x0000000082c00000, 0x0000000082b00000| Untracked 
|   4|0x0000000082c00000, 0x0000000082d00000, 0x0000000082d00000|100%| O|  |TAMS 0x0000000082d00000, 0x0000000082c00000| Untracked 
|   5|0x0000000082d00000, 0x0000000082e00000, 0x0000000082e00000|100%| O|  |TAMS 0x0000000082e00000, 0x0000000082d00000| Untracked 
|   6|0x0000000082e00000, 0x0000000082f00000, 0x0000000082f00000|100%| O|  |TAMS 0x0000000082f00000, 0x0000000082e00000| Untracked 
|   7|0x0000000082f00000, 0x0000000083000000, 0x0000000083000000|100%| O|  |TAMS 0x0000000083000000, 0x0000000082f00000| Untracked 
|   8|0x0000000083000000, 0x0000000083100000, 0x0000000083100000|100%| O|  |TAMS 0x0000000083100000, 0x0000000083000000| Untracked 
|   9|0x0000000083100000, 0x0000000083200000, 0x0000000083200000|100%| O|  |TAMS 0x0000000083200000, 0x0000000083100000| Untracked 
|  10|0x0000000083200000, 0x0000000083300000, 0x0000000083300000|100%| O|  |TAMS 0x0000000083300000, 0x0000000083200000| Untracked 
|  11|0x0000000083300000, 0x0000000083400000, 0x0000000083400000|100%| O|  |TAMS 0x0000000083400000, 0x0000000083300000| Untracked 
|  12|0x0000000083400000, 0x0000000083500000, 0x0000000083500000|100%| O|  |TAMS 0x0000000083500000, 0x0000000083400000| Untracked 
|  13|0x0000000083500000, 0x0000000083600000, 0x0000000083600000|100%| O|  |TAMS 0x0000000083600000, 0x0000000083500000| Untracked 
|  14|0x0000000083600000, 0x0000000083700000, 0x0000000083700000|100%| O|  |TAMS 0x0000000083700000, 0x0000000083600000| Untracked 
|  15|0x0000000083700000, 0x0000000083800000, 0x0000000083800000|100%| O|  |TAMS 0x000000008372c200, 0x0000000083700000| Untracked 
|  16|0x0000000083800000, 0x0000000083900000, 0x0000000083900000|100%| O|  |TAMS 0x0000000083800000, 0x0000000083800000| Untracked 
|  17|0x0000000083900000, 0x0000000083a00000, 0x0000000083a00000|100%| O|  |TAMS 0x0000000083900000, 0x0000000083900000| Untracked 
|  18|0x0000000083a00000, 0x0000000083b00000, 0x0000000083b00000|100%| O|  |TAMS 0x0000000083a00000, 0x0000000083a00000| Untracked 
|  19|0x0000000083b00000, 0x0000000083c00000, 0x0000000083c00000|100%| O|  |TAMS 0x0000000083b00000, 0x0000000083b00000| Untracked 
|  20|0x0000000083c00000, 0x0000000083cbdb38, 0x0000000083d00000| 74%| O|  |TAMS 0x0000000083c00000, 0x0000000083c00000| Untracked 
|  21|0x0000000083d00000, 0x0000000083d00000, 0x0000000083e00000|  0%| F|  |TAMS 0x0000000083d00000, 0x0000000083d00000| Untracked 
|  22|0x0000000083e00000, 0x0000000083e00000, 0x0000000083f00000|  0%| F|  |TAMS 0x0000000083e00000, 0x0000000083e00000| Untracked 
|  23|0x0000000083f00000, 0x0000000083f00000, 0x0000000084000000|  0%| F|  |TAMS 0x0000000083f00000, 0x0000000083f00000| Untracked 
|  24|0x0000000084000000, 0x0000000084000000, 0x0000000084100000|  0%| F|  |TAMS 0x0000000084000000, 0x0000000084000000| Untracked 
|  25|0x0000000084100000, 0x0000000084100000, 0x0000000084200000|  0%| F|  |TAMS 0x0000000084100000, 0x0000000084100000| Untracked 
|  26|0x0000000084200000, 0x0000000084200000, 0x0000000084300000|  0%| F|  |TAMS 0x0000000084200000, 0x0000000084200000| Untracked 
|  27|0x0000000084300000, 0x0000000084300000, 0x0000000084400000|  0%| F|  |TAMS 0x0000000084300000, 0x0000000084300000| Untracked 
|  28|0x0000000084400000, 0x0000000084400000, 0x0000000084500000|  0%| F|  |TAMS 0x0000000084400000, 0x0000000084400000| Untracked 
|  29|0x0000000084500000, 0x0000000084500000, 0x0000000084600000|  0%| F|  |TAMS 0x0000000084500000, 0x0000000084500000| Untracked 
|  30|0x0000000084600000, 0x0000000084600000, 0x0000000084700000|  0%| F|  |TAMS 0x0000000084600000, 0x0000000084600000| Untracked 
|  31|0x0000000084700000, 0x0000000084700000, 0x0000000084800000|  0%| F|  |TAMS 0x0000000084700000, 0x0000000084700000| Untracked 
|  32|0x0000000084800000, 0x0000000084800000, 0x0000000084900000|  0%| F|  |TAMS 0x0000000084800000, 0x0000000084800000| Untracked 
|  33|0x0000000084900000, 0x0000000084900000, 0x0000000084a00000|  0%| F|  |TAMS 0x0000000084900000, 0x0000000084900000| Untracked 
|  34|0x0000000084a00000, 0x0000000084a00000, 0x0000000084b00000|  0%| F|  |TAMS 0x0000000084a00000, 0x0000000084a00000| Untracked 
|  35|0x0000000084b00000, 0x0000000084b00000, 0x0000000084c00000|  0%| F|  |TAMS 0x0000000084b00000, 0x0000000084b00000| Untracked 
|  36|0x0000000084c00000, 0x0000000084c00000, 0x0000000084d00000|  0%| F|  |TAMS 0x0000000084c00000, 0x0000000084c00000| Untracked 
|  37|0x0000000084d00000, 0x0000000084d00000, 0x0000000084e00000|  0%| F|  |TAMS 0x0000000084d00000, 0x0000000084d00000| Untracked 
|  38|0x0000000084e00000, 0x0000000084e00000, 0x0000000084f00000|  0%| F|  |TAMS 0x0000000084e00000, 0x0000000084e00000| Untracked 
|  39|0x0000000084f00000, 0x0000000084f00000, 0x0000000085000000|  0%| F|  |TAMS 0x0000000084f00000, 0x0000000084f00000| Untracked 
|  40|0x0000000085000000, 0x0000000085000000, 0x0000000085100000|  0%| F|  |TAMS 0x0000000085000000, 0x0000000085000000| Untracked 
|  41|0x0000000085100000, 0x0000000085100000, 0x0000000085200000|  0%| F|  |TAMS 0x0000000085100000, 0x0000000085100000| Untracked 
|  42|0x0000000085200000, 0x0000000085200000, 0x0000000085300000|  0%| F|  |TAMS 0x0000000085200000, 0x0000000085200000| Untracked 
|  43|0x0000000085300000, 0x0000000085300000, 0x0000000085400000|  0%| F|  |TAMS 0x0000000085300000, 0x0000000085300000| Untracked 
|  44|0x0000000085400000, 0x0000000085400000, 0x0000000085500000|  0%| F|  |TAMS 0x0000000085400000, 0x0000000085400000| Untracked 
|  45|0x0000000085500000, 0x0000000085500000, 0x0000000085600000|  0%| F|  |TAMS 0x0000000085500000, 0x0000000085500000| Untracked 
|  46|0x0000000085600000, 0x0000000085600000, 0x0000000085700000|  0%| F|  |TAMS 0x0000000085600000, 0x0000000085600000| Untracked 
|  47|0x0000000085700000, 0x0000000085700000, 0x0000000085800000|  0%| F|  |TAMS 0x0000000085700000, 0x0000000085700000| Untracked 
|  48|0x0000000085800000, 0x0000000085800000, 0x0000000085900000|  0%| F|  |TAMS 0x0000000085800000, 0x0000000085800000| Untracked 
|  49|0x0000000085900000, 0x0000000085900000, 0x0000000085a00000|  0%| F|  |TAMS 0x0000000085900000, 0x0000000085900000| Untracked 
|  50|0x0000000085a00000, 0x0000000085a00000, 0x0000000085b00000|  0%| F|  |TAMS 0x0000000085a00000, 0x0000000085a00000| Untracked 
|  51|0x0000000085b00000, 0x0000000085b00000, 0x0000000085c00000|  0%| F|  |TAMS 0x0000000085b00000, 0x0000000085b00000| Untracked 
|  52|0x0000000085c00000, 0x0000000085c34ee0, 0x0000000085d00000| 20%| S|  |TAMS 0x0000000085c00000, 0x0000000085c00000| Complete 
|  53|0x0000000085d00000, 0x0000000085e00000, 0x0000000085e00000|100%| S|  |TAMS 0x0000000085d00000, 0x0000000085d00000| Complete 
|  54|0x0000000085e00000, 0x0000000085f00000, 0x0000000085f00000|100%| S|  |TAMS 0x0000000085e00000, 0x0000000085e00000| Complete 
|  55|0x0000000085f00000, 0x0000000086000000, 0x0000000086000000|100%| S|  |TAMS 0x0000000085f00000, 0x0000000085f00000| Complete 
|  56|0x0000000086000000, 0x0000000086100000, 0x0000000086100000|100%| S|  |TAMS 0x0000000086000000, 0x0000000086000000| Complete 
|  57|0x0000000086100000, 0x0000000086200000, 0x0000000086200000|100%| S|  |TAMS 0x0000000086100000, 0x0000000086100000| Complete 
|  58|0x0000000086200000, 0x0000000086300000, 0x0000000086300000|100%| S|  |TAMS 0x0000000086200000, 0x0000000086200000| Complete 
|  59|0x0000000086300000, 0x0000000086400000, 0x0000000086400000|100%| S|  |TAMS 0x0000000086300000, 0x0000000086300000| Complete 
|  60|0x0000000086400000, 0x0000000086500000, 0x0000000086500000|100%| S|  |TAMS 0x0000000086400000, 0x0000000086400000| Complete 
|  61|0x0000000086500000, 0x0000000086600000, 0x0000000086600000|100%| E|CS|TAMS 0x0000000086500000, 0x0000000086500000| Complete 
|  62|0x0000000086600000, 0x0000000086700000, 0x0000000086700000|100%| E|CS|TAMS 0x0000000086600000, 0x0000000086600000| Complete 
|  63|0x0000000086700000, 0x0000000086800000, 0x0000000086800000|100%| E|CS|TAMS 0x0000000086700000, 0x0000000086700000| Complete 
|  64|0x0000000086800000, 0x0000000086900000, 0x0000000086900000|100%| E|CS|TAMS 0x0000000086800000, 0x0000000086800000| Complete 
|  65|0x0000000086900000, 0x0000000086a00000, 0x0000000086a00000|100%| E|CS|TAMS 0x0000000086900000, 0x0000000086900000| Complete 
|  66|0x0000000086a00000, 0x0000000086b00000, 0x0000000086b00000|100%| E|CS|TAMS 0x0000000086a00000, 0x0000000086a00000| Complete 
|  67|0x0000000086b00000, 0x0000000086c00000, 0x0000000086c00000|100%| E|CS|TAMS 0x0000000086b00000, 0x0000000086b00000| Complete 
|  68|0x0000000086c00000, 0x0000000086d00000, 0x0000000086d00000|100%| E|CS|TAMS 0x0000000086c00000, 0x0000000086c00000| Complete 
|  69|0x0000000086d00000, 0x0000000086e00000, 0x0000000086e00000|100%| E|CS|TAMS 0x0000000086d00000, 0x0000000086d00000| Complete 
|  70|0x0000000086e00000, 0x0000000086f00000, 0x0000000086f00000|100%| E|CS|TAMS 0x0000000086e00000, 0x0000000086e00000| Complete 
|  71|0x0000000086f00000, 0x0000000087000000, 0x0000000087000000|100%| E|CS|TAMS 0x0000000086f00000, 0x0000000086f00000| Complete 
|  72|0x0000000087000000, 0x0000000087100000, 0x0000000087100000|100%| E|CS|TAMS 0x0000000087000000, 0x0000000087000000| Complete 
|  73|0x0000000087100000, 0x0000000087200000, 0x0000000087200000|100%| E|CS|TAMS 0x0000000087100000, 0x0000000087100000| Complete 
|  74|0x0000000087200000, 0x0000000087300000, 0x0000000087300000|100%| E|CS|TAMS 0x0000000087200000, 0x0000000087200000| Complete 
|  75|0x0000000087300000, 0x0000000087400000, 0x0000000087400000|100%| E|CS|TAMS 0x0000000087300000, 0x0000000087300000| Complete 
|  76|0x0000000087400000, 0x0000000087500000, 0x0000000087500000|100%| E|CS|TAMS 0x0000000087400000, 0x0000000087400000| Complete 
|  77|0x0000000087500000, 0x0000000087600000, 0x0000000087600000|100%| E|CS|TAMS 0x0000000087500000, 0x0000000087500000| Complete 
|  78|0x0000000087600000, 0x0000000087700000, 0x0000000087700000|100%| E|CS|TAMS 0x0000000087600000, 0x0000000087600000| Complete 
|  79|0x0000000087700000, 0x0000000087800000, 0x0000000087800000|100%| E|CS|TAMS 0x0000000087700000, 0x0000000087700000| Complete 
|  80|0x0000000087800000, 0x0000000087900000, 0x0000000087900000|100%| E|CS|TAMS 0x0000000087800000, 0x0000000087800000| Complete 
|  81|0x0000000087900000, 0x0000000087a00000, 0x0000000087a00000|100%| E|CS|TAMS 0x0000000087900000, 0x0000000087900000| Complete 
|  82|0x0000000087a00000, 0x0000000087b00000, 0x0000000087b00000|100%| E|CS|TAMS 0x0000000087a00000, 0x0000000087a00000| Complete 
|  83|0x0000000087b00000, 0x0000000087c00000, 0x0000000087c00000|100%| E|CS|TAMS 0x0000000087b00000, 0x0000000087b00000| Complete 
|  84|0x0000000087c00000, 0x0000000087d00000, 0x0000000087d00000|100%| E|CS|TAMS 0x0000000087c00000, 0x0000000087c00000| Complete 
|  85|0x0000000087d00000, 0x0000000087e00000, 0x0000000087e00000|100%| E|CS|TAMS 0x0000000087d00000, 0x0000000087d00000| Complete 
|  86|0x0000000087e00000, 0x0000000087f00000, 0x0000000087f00000|100%| E|CS|TAMS 0x0000000087e00000, 0x0000000087e00000| Complete 
|  87|0x0000000087f00000, 0x0000000088000000, 0x0000000088000000|100%| E|CS|TAMS 0x0000000087f00000, 0x0000000087f00000| Complete 
|  88|0x0000000088000000, 0x0000000088100000, 0x0000000088100000|100%| E|CS|TAMS 0x0000000088000000, 0x0000000088000000| Complete 
|  89|0x0000000088100000, 0x0000000088200000, 0x0000000088200000|100%| E|CS|TAMS 0x0000000088100000, 0x0000000088100000| Complete 
|  90|0x0000000088200000, 0x0000000088300000, 0x0000000088300000|100%| E|CS|TAMS 0x0000000088200000, 0x0000000088200000| Complete 
|  91|0x0000000088300000, 0x0000000088400000, 0x0000000088400000|100%| E|CS|TAMS 0x0000000088300000, 0x0000000088300000| Complete 
|  92|0x0000000088400000, 0x0000000088500000, 0x0000000088500000|100%| E|CS|TAMS 0x0000000088400000, 0x0000000088400000| Complete 
|  93|0x0000000088500000, 0x0000000088600000, 0x0000000088600000|100%| E|CS|TAMS 0x0000000088500000, 0x0000000088500000| Complete 
|  94|0x0000000088600000, 0x0000000088700000, 0x0000000088700000|100%| E|CS|TAMS 0x0000000088600000, 0x0000000088600000| Complete 
|  95|0x0000000088700000, 0x0000000088800000, 0x0000000088800000|100%| E|CS|TAMS 0x0000000088700000, 0x0000000088700000| Complete 
|  96|0x0000000088800000, 0x0000000088900000, 0x0000000088900000|100%| E|CS|TAMS 0x0000000088800000, 0x0000000088800000| Complete 
|  97|0x0000000088900000, 0x0000000088a00000, 0x0000000088a00000|100%| E|CS|TAMS 0x0000000088900000, 0x0000000088900000| Complete 
|  98|0x0000000088a00000, 0x0000000088b00000, 0x0000000088b00000|100%| E|CS|TAMS 0x0000000088a00000, 0x0000000088a00000| Complete 
|  99|0x0000000088b00000, 0x0000000088c00000, 0x0000000088c00000|100%| E|CS|TAMS 0x0000000088b00000, 0x0000000088b00000| Complete 
| 100|0x0000000088c00000, 0x0000000088d00000, 0x0000000088d00000|100%| E|CS|TAMS 0x0000000088c00000, 0x0000000088c00000| Complete 
| 101|0x0000000088d00000, 0x0000000088e00000, 0x0000000088e00000|100%| E|CS|TAMS 0x0000000088d00000, 0x0000000088d00000| Complete 
| 102|0x0000000088e00000, 0x0000000088f00000, 0x0000000088f00000|100%| E|CS|TAMS 0x0000000088e00000, 0x0000000088e00000| Complete 
| 103|0x0000000088f00000, 0x0000000089000000, 0x0000000089000000|100%| E|CS|TAMS 0x0000000088f00000, 0x0000000088f00000| Complete 
| 104|0x0000000089000000, 0x0000000089100000, 0x0000000089100000|100%| E|CS|TAMS 0x0000000089000000, 0x0000000089000000| Complete 
| 105|0x0000000089100000, 0x0000000089200000, 0x0000000089200000|100%| E|CS|TAMS 0x0000000089100000, 0x0000000089100000| Complete 
| 106|0x0000000089200000, 0x0000000089300000, 0x0000000089300000|100%| E|CS|TAMS 0x0000000089200000, 0x0000000089200000| Complete 
| 107|0x0000000089300000, 0x0000000089400000, 0x0000000089400000|100%| E|CS|TAMS 0x0000000089300000, 0x0000000089300000| Complete 
| 108|0x0000000089400000, 0x0000000089500000, 0x0000000089500000|100%| E|CS|TAMS 0x0000000089400000, 0x0000000089400000| Complete 
| 109|0x0000000089500000, 0x0000000089600000, 0x0000000089600000|100%| E|CS|TAMS 0x0000000089500000, 0x0000000089500000| Complete 
| 110|0x0000000089600000, 0x0000000089700000, 0x0000000089700000|100%| E|CS|TAMS 0x0000000089600000, 0x0000000089600000| Complete 
| 111|0x0000000089700000, 0x0000000089800000, 0x0000000089800000|100%| E|CS|TAMS 0x0000000089700000, 0x0000000089700000| Complete 
| 112|0x0000000089800000, 0x0000000089900000, 0x0000000089900000|100%| E|CS|TAMS 0x0000000089800000, 0x0000000089800000| Complete 
| 113|0x0000000089900000, 0x0000000089a00000, 0x0000000089a00000|100%| E|CS|TAMS 0x0000000089900000, 0x0000000089900000| Complete 
| 114|0x0000000089a00000, 0x0000000089b00000, 0x0000000089b00000|100%| E|CS|TAMS 0x0000000089a00000, 0x0000000089a00000| Complete 
| 115|0x0000000089b00000, 0x0000000089c00000, 0x0000000089c00000|100%| E|CS|TAMS 0x0000000089b00000, 0x0000000089b00000| Complete 
| 116|0x0000000089c00000, 0x0000000089d00000, 0x0000000089d00000|100%| E|CS|TAMS 0x0000000089c00000, 0x0000000089c00000| Complete 
| 117|0x0000000089d00000, 0x0000000089e00000, 0x0000000089e00000|100%| E|CS|TAMS 0x0000000089d00000, 0x0000000089d00000| Complete 
| 118|0x0000000089e00000, 0x0000000089f00000, 0x0000000089f00000|100%| E|CS|TAMS 0x0000000089e00000, 0x0000000089e00000| Complete 
| 119|0x0000000089f00000, 0x000000008a000000, 0x000000008a000000|100%| E|CS|TAMS 0x0000000089f00000, 0x0000000089f00000| Complete 
| 120|0x000000008a000000, 0x000000008a100000, 0x000000008a100000|100%| E|CS|TAMS 0x000000008a000000, 0x000000008a000000| Complete 
| 121|0x000000008a100000, 0x000000008a200000, 0x000000008a200000|100%| E|CS|TAMS 0x000000008a100000, 0x000000008a100000| Complete 
| 122|0x000000008a200000, 0x000000008a300000, 0x000000008a300000|100%| E|CS|TAMS 0x000000008a200000, 0x000000008a200000| Complete 
| 123|0x000000008a300000, 0x000000008a400000, 0x000000008a400000|100%| E|CS|TAMS 0x000000008a300000, 0x000000008a300000| Complete 
| 124|0x000000008a400000, 0x000000008a500000, 0x000000008a500000|100%| E|CS|TAMS 0x000000008a400000, 0x000000008a400000| Complete 
| 125|0x000000008a500000, 0x000000008a600000, 0x000000008a600000|100%| E|CS|TAMS 0x000000008a500000, 0x000000008a500000| Complete 
| 126|0x000000008a600000, 0x000000008a700000, 0x000000008a700000|100%| E|CS|TAMS 0x000000008a600000, 0x000000008a600000| Complete 
| 127|0x000000008a700000, 0x000000008a800000, 0x000000008a800000|100%| E|CS|TAMS 0x000000008a700000, 0x000000008a700000| Complete 
| 128|0x000000008a800000, 0x000000008a900000, 0x000000008a900000|100%| E|CS|TAMS 0x000000008a800000, 0x000000008a800000| Complete 
| 129|0x000000008a900000, 0x000000008aa00000, 0x000000008aa00000|100%| E|CS|TAMS 0x000000008a900000, 0x000000008a900000| Complete 
| 130|0x000000008aa00000, 0x000000008ab00000, 0x000000008ab00000|100%| E|CS|TAMS 0x000000008aa00000, 0x000000008aa00000| Complete 
| 131|0x000000008ab00000, 0x000000008ac00000, 0x000000008ac00000|100%| E|CS|TAMS 0x000000008ab00000, 0x000000008ab00000| Complete 
| 132|0x000000008ac00000, 0x000000008ad00000, 0x000000008ad00000|100%| E|CS|TAMS 0x000000008ac00000, 0x000000008ac00000| Complete 
| 133|0x000000008ad00000, 0x000000008ae00000, 0x000000008ae00000|100%| E|CS|TAMS 0x000000008ad00000, 0x000000008ad00000| Complete 
| 134|0x000000008ae00000, 0x000000008af00000, 0x000000008af00000|100%| E|CS|TAMS 0x000000008ae00000, 0x000000008ae00000| Complete 
| 135|0x000000008af00000, 0x000000008b000000, 0x000000008b000000|100%| E|CS|TAMS 0x000000008af00000, 0x000000008af00000| Complete 
| 136|0x000000008b000000, 0x000000008b100000, 0x000000008b100000|100%| E|CS|TAMS 0x000000008b000000, 0x000000008b000000| Complete 
| 137|0x000000008b100000, 0x000000008b200000, 0x000000008b200000|100%| E|CS|TAMS 0x000000008b100000, 0x000000008b100000| Complete 
| 138|0x000000008b200000, 0x000000008b300000, 0x000000008b300000|100%| E|CS|TAMS 0x000000008b200000, 0x000000008b200000| Complete 
| 139|0x000000008b300000, 0x000000008b400000, 0x000000008b400000|100%| E|CS|TAMS 0x000000008b300000, 0x000000008b300000| Complete 
| 140|0x000000008b400000, 0x000000008b500000, 0x000000008b500000|100%| E|CS|TAMS 0x000000008b400000, 0x000000008b400000| Complete 
| 141|0x000000008b500000, 0x000000008b600000, 0x000000008b600000|100%| E|CS|TAMS 0x000000008b500000, 0x000000008b500000| Complete 
| 142|0x000000008b600000, 0x000000008b700000, 0x000000008b700000|100%| E|CS|TAMS 0x000000008b600000, 0x000000008b600000| Complete 
| 143|0x000000008b700000, 0x000000008b800000, 0x000000008b800000|100%| E|CS|TAMS 0x000000008b700000, 0x000000008b700000| Complete 
| 144|0x000000008b800000, 0x000000008b900000, 0x000000008b900000|100%| E|CS|TAMS 0x000000008b800000, 0x000000008b800000| Complete 
| 145|0x000000008b900000, 0x000000008ba00000, 0x000000008ba00000|100%| E|CS|TAMS 0x000000008b900000, 0x000000008b900000| Complete 
| 146|0x000000008ba00000, 0x000000008bb00000, 0x000000008bb00000|100%| E|CS|TAMS 0x000000008ba00000, 0x000000008ba00000| Complete 
| 147|0x000000008bb00000, 0x000000008bc00000, 0x000000008bc00000|100%| E|CS|TAMS 0x000000008bb00000, 0x000000008bb00000| Complete 
| 148|0x000000008bc00000, 0x000000008bd00000, 0x000000008bd00000|100%| E|CS|TAMS 0x000000008bc00000, 0x000000008bc00000| Complete 
| 149|0x000000008bd00000, 0x000000008be00000, 0x000000008be00000|100%| E|CS|TAMS 0x000000008bd00000, 0x000000008bd00000| Complete 
| 150|0x000000008be00000, 0x000000008bf00000, 0x000000008bf00000|100%| E|CS|TAMS 0x000000008be00000, 0x000000008be00000| Complete 
| 151|0x000000008bf00000, 0x000000008c000000, 0x000000008c000000|100%| E|CS|TAMS 0x000000008bf00000, 0x000000008bf00000| Complete 

Card table byte_map: [0x0000014f64470000,0x0000014f64860000] _byte_map_base: 0x0000014f6405c000

Marking Bits (Prev, Next): (CMBitMap*) 0x0000014f4c66ca10, (CMBitMap*) 0x0000014f4c66c9d8
 Prev Bits: [0x0000014f66bb0000, 0x0000014f68b10000)
 Next Bits: [0x0000014f64c50000, 0x0000014f66bb0000)

Polling page: 0x0000014f4a5f0000

Metaspace:

Usage:
  Non-class:     56.91 MB capacity,    55.75 MB ( 98%) used,   940.30 KB (  2%) free+waste,   243.75 KB ( <1%) overhead. 
      Class:      9.16 MB capacity,     8.36 MB ( 91%) used,   696.73 KB (  7%) free+waste,   119.75 KB (  1%) overhead. 
       Both:     66.07 MB capacity,    64.11 MB ( 97%) used,     1.60 MB (  2%) free+waste,   363.50 KB ( <1%) overhead. 

Virtual space:
  Non-class space:       58.00 MB reserved,      57.09 MB ( 98%) committed 
      Class space:        1.00 GB reserved,       9.20 MB ( <1%) committed 
             Both:        1.06 GB reserved,      66.29 MB (  6%) committed 

Chunk freelists:
   Non-Class:  60.00 KB
       Class:  27.00 KB
        Both:  87.00 KB

MaxMetaspaceSize: 17179869184.00 GB
CompressedClassSpaceSize: 1.00 GB
Initial GC threshold: 20.80 MB
Current GC threshold: 99.23 MB
CDS: off

CodeHeap 'non-profiled nmethods': size=238336Kb used=8783Kb max_used=8783Kb free=229552Kb
 bounds [0x0000014f55490000, 0x0000014f55d30000, 0x0000014f63d50000]
CodeHeap 'non-nmethods': size=7424Kb used=1329Kb max_used=1329Kb free=6094Kb
 bounds [0x0000014f54d50000, 0x0000014f54fc0000, 0x0000014f55490000]
 total_blobs=6183 nmethods=5540 adapters=570
 compilation: enabled
              stopped_count=0, restarted_count=0
 full_count=0

Compilation events (20 events):
Event: 7.536 Thread 0x0000014f6b58a000 5531       1       java.security.PermissionCollection::<init> (5 bytes)
Event: 7.536 Thread 0x0000014f6b58a000 nmethod 5531 0x0000014f55d21890 code [0x0000014f55d21a40, 0x0000014f55d21af8]
Event: 7.536 Thread 0x0000014f6b58a000 5532       1       java.nio.HeapCharBuffer::ix (7 bytes)
Event: 7.536 Thread 0x0000014f6b58a000 nmethod 5532 0x0000014f55d21b90 code [0x0000014f55d21d40, 0x0000014f55d21df8]
Event: 7.536 Thread 0x0000014f6b58a000 5534       1       java.nio.HeapCharBuffer::put (16 bytes)
Event: 7.537 Thread 0x0000014f6b58a000 nmethod 5534 0x0000014f55d21e90 code [0x0000014f55d22040, 0x0000014f55d221a8]
Event: 7.537 Thread 0x0000014f6b58a000 5533       1       javax.servlet.ServletResponseWrapper::getBufferSize (10 bytes)
Event: 7.537 Thread 0x0000014f6b58a000 nmethod 5533 0x0000014f55d22310 code [0x0000014f55d224c0, 0x0000014f55d225a8]
Event: 7.537 Thread 0x0000014f6b58a000 5535       1       java.nio.CharBuffer::mark (7 bytes)
Event: 7.537 Thread 0x0000014f6b58a000 nmethod 5535 0x0000014f55d22610 code [0x0000014f55d227c0, 0x0000014f55d22878]
Event: 7.537 Thread 0x0000014f6b58a000 5536       1       java.lang.Integer::toString (55 bytes)
Event: 7.537 Thread 0x0000014f6b58a000 nmethod 5536 0x0000014f55d22910 code [0x0000014f55d22ae0, 0x0000014f55d22cf8]
Event: 7.537 Thread 0x0000014f6b58a000 5537       1       org.springframework.security.web.util.OnCommittedResponseWrapper::trackContentLength (27 bytes)
Event: 7.537 Thread 0x0000014f6b58a000 nmethod 5537 0x0000014f55d22e10 code [0x0000014f55d22fc0, 0x0000014f55d230c8]
Event: 7.537 Thread 0x0000014f6b58a000 5538       1       org.springframework.security.web.util.OnCommittedResponseWrapper::checkContentLength (80 bytes)
Event: 7.537 Thread 0x0000014f6b58a000 nmethod 5538 0x0000014f55d23190 code [0x0000014f55d23360, 0x0000014f55d23518]
Event: 7.537 Thread 0x0000014f6b58a000 5539       1       org.apache.catalina.connector.ResponseFacade::getBufferSize (31 bytes)
Event: 7.537 Thread 0x0000014f6b58a000 nmethod 5539 0x0000014f55d23610 code [0x0000014f55d237e0, 0x0000014f55d23998]
Event: 7.537 Thread 0x0000014f6b58a000 5540       1       org.apache.catalina.connector.Response::getBufferSize (8 bytes)
Event: 7.537 Thread 0x0000014f6b58a000 nmethod 5540 0x0000014f55d23b10 code [0x0000014f55d23cc0, 0x0000014f55d23d98]

GC Heap History (19 events):
Event: 1.007 GC heap before
{Heap before GC invocations=0 (full 0):
 garbage-first heap   total 129024K, used 24576K [0x0000000082800000, 0x0000000100000000)
  region size 1024K, 24 young (24576K), 0 survivors (0K)
 Metaspace       used 14050K, capacity 14476K, committed 14720K, reserved 1062912K
  class space    used 1455K, capacity 1593K, committed 1664K, reserved 1048576K
}
Event: 1.012 GC heap after
{Heap after GC invocations=1 (full 0):
 garbage-first heap   total 129024K, used 7592K [0x0000000082800000, 0x0000000100000000)
  region size 1024K, 3 young (3072K), 3 survivors (3072K)
 Metaspace       used 14050K, capacity 14476K, committed 14720K, reserved 1062912K
  class space    used 1455K, capacity 1593K, committed 1664K, reserved 1048576K
}
Event: 1.314 GC heap before
{Heap before GC invocations=1 (full 0):
 garbage-first heap   total 129024K, used 30120K [0x0000000082800000, 0x0000000100000000)
  region size 1024K, 25 young (25600K), 3 survivors (3072K)
 Metaspace       used 18085K, capacity 18678K, committed 18944K, reserved 1067008K
  class space    used 2019K, capacity 2222K, committed 2304K, reserved 1048576K
}
Event: 1.320 GC heap after
{Heap after GC invocations=2 (full 0):
 garbage-first heap   total 129024K, used 9192K [0x0000000082800000, 0x0000000100000000)
  region size 1024K, 2 young (2048K), 2 survivors (2048K)
 Metaspace       used 18085K, capacity 18678K, committed 18944K, reserved 1067008K
  class space    used 2019K, capacity 2222K, committed 2304K, reserved 1048576K
}
Event: 1.413 GC heap before
{Heap before GC invocations=2 (full 0):
 garbage-first heap   total 129024K, used 23528K [0x0000000082800000, 0x0000000100000000)
  region size 1024K, 17 young (17408K), 2 survivors (2048K)
 Metaspace       used 20453K, capacity 21064K, committed 21248K, reserved 1069056K
  class space    used 2323K, capacity 2554K, committed 2560K, reserved 1048576K
}
Event: 1.416 GC heap after
{Heap after GC invocations=3 (full 0):
 garbage-first heap   total 129024K, used 9917K [0x0000000082800000, 0x0000000100000000)
  region size 1024K, 3 young (3072K), 3 survivors (3072K)
 Metaspace       used 20453K, capacity 21064K, committed 21248K, reserved 1069056K
  class space    used 2323K, capacity 2554K, committed 2560K, reserved 1048576K
}
Event: 1.673 GC heap before
{Heap before GC invocations=4 (full 0):
 garbage-first heap   total 129024K, used 63165K [0x0000000082800000, 0x0000000100000000)
  region size 1024K, 56 young (57344K), 3 survivors (3072K)
 Metaspace       used 23839K, capacity 24642K, committed 24956K, reserved 1071104K
  class space    used 2770K, capacity 3088K, committed 3200K, reserved 1048576K
}
Event: 1.677 GC heap after
{Heap after GC invocations=5 (full 0):
 garbage-first heap   total 129024K, used 11185K [0x0000000082800000, 0x0000000100000000)
  region size 1024K, 4 young (4096K), 4 survivors (4096K)
 Metaspace       used 23839K, capacity 24642K, committed 24956K, reserved 1071104K
  class space    used 2770K, capacity 3088K, committed 3200K, reserved 1048576K
}
Event: 2.084 GC heap before
{Heap before GC invocations=5 (full 0):
 garbage-first heap   total 129024K, used 82865K [0x0000000082800000, 0x0000000100000000)
  region size 1024K, 75 young (76800K), 4 survivors (4096K)
 Metaspace       used 27660K, capacity 28664K, committed 28924K, reserved 1075200K
  class space    used 3325K, capacity 3714K, committed 3840K, reserved 1048576K
}
Event: 2.090 GC heap after
{Heap after GC invocations=6 (full 0):
 garbage-first heap   total 129024K, used 13228K [0x0000000082800000, 0x0000000100000000)
  region size 1024K, 6 young (6144K), 6 survivors (6144K)
 Metaspace       used 27660K, capacity 28664K, committed 28924K, reserved 1075200K
  class space    used 3325K, capacity 3714K, committed 3840K, reserved 1048576K
}
Event: 2.551 GC heap before
{Heap before GC invocations=6 (full 0):
 garbage-first heap   total 129024K, used 82860K [0x0000000082800000, 0x0000000100000000)
  region size 1024K, 75 young (76800K), 6 survivors (6144K)
 Metaspace       used 33285K, capacity 34531K, committed 34556K, reserved 1079296K
  class space    used 4103K, capacity 4599K, committed 4608K, reserved 1048576K
}
Event: 2.561 GC heap after
{Heap after GC invocations=7 (full 0):
 garbage-first heap   total 155648K, used 16220K [0x0000000082800000, 0x0000000100000000)
  region size 1024K, 9 young (9216K), 9 survivors (9216K)
 Metaspace       used 33285K, capacity 34531K, committed 34556K, reserved 1079296K
  class space    used 4103K, capacity 4599K, committed 4608K, reserved 1048576K
}
Event: 2.735 GC heap before
{Heap before GC invocations=7 (full 0):
 garbage-first heap   total 155648K, used 59228K [0x0000000082800000, 0x0000000100000000)
  region size 1024K, 53 young (54272K), 9 survivors (9216K)
 Metaspace       used 34656K, capacity 35946K, committed 36048K, reserved 1081344K
  class space    used 4278K, capacity 4837K, committed 4864K, reserved 1048576K
}
Event: 2.748 GC heap after
{Heap after GC invocations=8 (full 0):
 garbage-first heap   total 155648K, used 17356K [0x0000000082800000, 0x0000000100000000)
  region size 1024K, 7 young (7168K), 7 survivors (7168K)
 Metaspace       used 34656K, capacity 35946K, committed 36048K, reserved 1081344K
  class space    used 4278K, capacity 4837K, committed 4864K, reserved 1048576K
}
Event: 3.528 GC heap before
{Heap before GC invocations=9 (full 0):
 garbage-first heap   total 155648K, used 102348K [0x0000000082800000, 0x0000000100000000)
  region size 1024K, 91 young (93184K), 7 survivors (7168K)
 Metaspace       used 50488K, capacity 52006K, committed 52124K, reserved 1093632K
  class space    used 6385K, capacity 7014K, committed 7116K, reserved 1048576K
}
Event: 3.535 GC heap after
{Heap after GC invocations=10 (full 0):
 garbage-first heap   total 155648K, used 21670K [0x0000000082800000, 0x0000000100000000)
  region size 1024K, 11 young (11264K), 11 survivors (11264K)
 Metaspace       used 50488K, capacity 52006K, committed 52124K, reserved 1093632K
  class space    used 6385K, capacity 7014K, committed 7116K, reserved 1048576K
}
Event: 4.266 GC heap before
{Heap before GC invocations=10 (full 0):
 garbage-first heap   total 155648K, used 92326K [0x0000000082800000, 0x0000000100000000)
  region size 1024K, 81 young (82944K), 11 survivors (11264K)
 Metaspace       used 58696K, capacity 60435K, committed 60572K, reserved 1101824K
  class space    used 7592K, capacity 8302K, committed 8396K, reserved 1048576K
}
Event: 4.275 GC heap after
{Heap after GC invocations=11 (full 0):
 garbage-first heap   total 155648K, used 24752K [0x0000000082800000, 0x0000000100000000)
  region size 1024K, 9 young (9216K), 9 survivors (9216K)
 Metaspace       used 58696K, capacity 60435K, committed 60572K, reserved 1101824K
  class space    used 7592K, capacity 8302K, committed 8396K, reserved 1048576K
}
Event: 7.541 GC heap before
{Heap before GC invocations=12 (full 0):
 garbage-first heap   total 155648K, used 108720K [0x0000000082800000, 0x0000000100000000)
  region size 1024K, 91 young (93184K), 9 survivors (9216K)
 Metaspace       used 65652K, capacity 67653K, committed 67880K, reserved 1107968K
  class space    used 8564K, capacity 9381K, committed 9420K, reserved 1048576K
}

Deoptimization events (4 events):
Event: 2.078 Thread 0x0000014f4c629800 DEOPT PACKING pc=0x0000014f5578426c sp=0x0000000280efdd30
Event: 2.078 Thread 0x0000014f4c629800 DEOPT UNPACKING pc=0x0000014f54d9a95e sp=0x0000000280efd298 mode 0
Event: 4.135 Thread 0x0000014f4c629800 DEOPT PACKING pc=0x0000014f5579f737 sp=0x0000000280efca00
Event: 4.135 Thread 0x0000014f4c629800 DEOPT UNPACKING pc=0x0000014f54d9a95e sp=0x0000000280efbf08 mode 3

Classes redefined (0 events):
No events

Internal exceptions (20 events):
Event: 4.182 Thread 0x0000014f4c629800 Exception <a 'java/lang/ClassNotFoundException'{0x000000008875bf30}: org/springframework/context/ApplicationContextAwareCustomizer> (0x000000008875bf30) thrown at [./src/hotspot/share/classfile/systemDictionary.cpp, line 231]
Event: 4.183 Thread 0x0000014f4c629800 Exception <a 'java/lang/ClassNotFoundException'{0x00000000887718b0}: org/springframework/beans/factory/AwareCustomizer> (0x00000000887718b0) thrown at [./src/hotspot/share/classfile/systemDictionary.cpp, line 231]
Event: 4.183 Thread 0x0000014f4c629800 Exception <a 'java/lang/ClassNotFoundException'{0x0000000088788230}: org/springframework/web/context/ServletContextAwareCustomizer> (0x0000000088788230) thrown at [./src/hotspot/share/classfile/systemDictionary.cpp, line 231]
Event: 4.183 Thread 0x0000014f4c629800 Exception <a 'java/lang/ClassNotFoundException'{0x000000008879d688}: org/springframework/beans/factory/AwareCustomizer> (0x000000008879d688) thrown at [./src/hotspot/share/classfile/systemDictionary.cpp, line 231]
Event: 4.237 Thread 0x0000014f4c629800 Exception <a 'java/lang/ClassNotFoundException'{0x0000000087ea52f8}: java/lang/ObjectCustomizer> (0x0000000087ea52f8) thrown at [./src/hotspot/share/classfile/systemDictionary.cpp, line 231]
Event: 4.237 Thread 0x0000014f4c629800 Exception <a 'java/lang/ClassNotFoundException'{0x0000000087ec5ca0}: org/springframework/security/config/annotation/web/configuration/WebSecurityConfigurationCustomizer> (0x0000000087ec5ca0) thrown at [./src/hotspot/share/classfile/systemDictionary.cpp, line 231]
Event: 4.238 Thread 0x0000014f4c629800 Exception <a 'java/lang/ClassNotFoundException'{0x0000000087ee6b98}: org/springframework/context/annotation/ImportAwareCustomizer> (0x0000000087ee6b98) thrown at [./src/hotspot/share/classfile/systemDictionary.cpp, line 231]
Event: 4.238 Thread 0x0000014f4c629800 Exception <a 'java/lang/ClassNotFoundException'{0x0000000087efbbd0}: org/springframework/beans/factory/AwareCustomizer> (0x0000000087efbbd0) thrown at [./src/hotspot/share/classfile/systemDictionary.cpp, line 231]
Event: 4.238 Thread 0x0000014f4c629800 Exception <a 'java/lang/ClassNotFoundException'{0x0000000087d12f48}: org/springframework/beans/factory/BeanClassLoaderAwareCustomizer> (0x0000000087d12f48) thrown at [./src/hotspot/share/classfile/systemDictionary.cpp, line 231]
Event: 4.239 Thread 0x0000014f4c629800 Exception <a 'java/lang/ClassNotFoundException'{0x0000000087d27f90}: org/springframework/beans/factory/AwareCustomizer> (0x0000000087d27f90) thrown at [./src/hotspot/share/classfile/systemDictionary.cpp, line 231]
Event: 4.296 Thread 0x0000014f6da73000 Exception <a 'java/lang/reflect/InvocationTargetException'{0x000000008bc096c8}> (0x000000008bc096c8) thrown at [./src/hotspot/share/runtime/reflection.cpp, line 1247]
Event: 4.366 Thread 0x0000014f4c629800 Exception <a 'java/lang/ClassNotFoundException'{0x000000008b2cd050}: java/lang/ObjectCustomizer> (0x000000008b2cd050) thrown at [./src/hotspot/share/classfile/systemDictionary.cpp, line 231]
Event: 4.367 Thread 0x0000014f4c629800 Exception <a 'java/lang/ClassNotFoundException'{0x000000008b2ed9f8}: org/springframework/security/config/annotation/web/configuration/HttpSecurityConfigurationCustomizer> (0x000000008b2ed9f8) thrown at [./src/hotspot/share/classfile/systemDictionary.cpp, line 231]
Event: 4.458 Thread 0x0000014f4c629800 Exception <a 'java/lang/NoSuchMethodError'{0x000000008a797c50}: 'void java.lang.invoke.DirectMethodHandle$Holder.invokeVirtual(java.lang.Object, java.lang.Object, int)'> (0x000000008a797c50) thrown at [./src/hotspot/share/interpreter/linkResolver.cpp, line 773]
Event: 4.459 Thread 0x0000014f4c629800 Exception <a 'java/lang/NoSuchMethodError'{0x000000008a7b1a50}: 'void java.lang.invoke.DirectMethodHandle$Holder.invokeVirtual(java.lang.Object, java.lang.Object, long)'> (0x000000008a7b1a50) thrown at [./src/hotspot/share/interpreter/linkResolver.cpp, line 773]
Event: 4.537 Thread 0x0000014f4c629800 Exception <a 'java/lang/IncompatibleClassChangeError'{0x0000000089d92658}: Found class java.lang.Object, but interface was expected> (0x0000000089d92658) thrown at [./src/hotspot/share/interpreter/linkResolver.cpp, line 839]
Event: 4.649 Thread 0x0000014f4c629800 Exception <a 'java/lang/NoSuchMethodError'{0x00000000891a93f0}: 'java.lang.Object java.lang.invoke.DirectMethodHandle$Holder.invokeSpecial(java.lang.Object, java.lang.Object, int, java.lang.Object, int, java.lang.Object)'> (0x00000000891a93f0) thrown at [./src/hotspot/share/interpreter/linkResolver.cpp, line 773]
Event: 4.649 Thread 0x0000014f4c629800 Exception <a 'java/lang/NoSuchMethodError'{0x00000000891b08d8}: 'java.lang.Object java.lang.invoke.DirectMethodHandle$Holder.invokeStatic(java.lang.Object, java.lang.Object, int, java.lang.Object, int)'> (0x00000000891b08d8) thrown at [./src/hotspot/share/interpreter/linkResolver.cpp, line 773]
Event: 4.650 Thread 0x0000014f4c629800 Exception <a 'java/lang/NoSuchMethodError'{0x00000000891b40b8}: 'java.lang.Object java.lang.invoke.DirectMethodHandle$Holder.invokeSpecial(java.lang.Object, java.lang.Object, java.lang.Object, int, java.lang.Object, int)'> (0x00000000891b40b8) thrown at [./src/hotspot/share/interpreter/linkResolver.cpp, line 773]
Event: 4.650 Thread 0x0000014f4c629800 Exception <a 'java/lang/NoSuchMethodError'{0x00000000891c04c0}: 'void java.lang.invoke.DirectMethodHandle$Holder.invokeVirtual(java.lang.Object, java.lang.Object)'> (0x00000000891c04c0) thrown at [./src/hotspot/share/interpreter/linkResolver.cpp, line 773]

Events (20 events):
Event: 7.538 loading class org/thymeleaf/standard/expression/IStandardExpression done
Event: 7.538 loading class org/thymeleaf/standard/expression/ExpressionParsingUtil
Event: 7.538 loading class org/thymeleaf/standard/expression/ExpressionParsingUtil done
Event: 7.539 loading class org/thymeleaf/standard/expression/AndExpression
Event: 7.539 loading class org/thymeleaf/standard/expression/AndExpression done
Event: 7.539 loading class org/thymeleaf/standard/expression/BinaryOperationExpression
Event: 7.539 loading class org/thymeleaf/standard/expression/BinaryOperationExpression done
Event: 7.539 loading class org/thymeleaf/standard/expression/ComplexExpression
Event: 7.539 loading class org/thymeleaf/standard/expression/ComplexExpression done
Event: 7.539 loading class org/thymeleaf/standard/expression/ExpressionParsingState
Event: 7.539 loading class org/thymeleaf/standard/expression/ExpressionParsingState done
Event: 7.540 loading class org/thymeleaf/standard/expression/EqualsNotEqualsExpression
Event: 7.540 loading class org/thymeleaf/standard/expression/EqualsNotEqualsExpression done
Event: 7.540 loading class org/thymeleaf/standard/expression/EqualsExpression
Event: 7.540 loading class org/thymeleaf/standard/expression/EqualsExpression done
Event: 7.540 loading class org/thymeleaf/standard/expression/NotEqualsExpression
Event: 7.540 loading class org/thymeleaf/standard/expression/NotEqualsExpression done
Event: 7.540 loading class org/thymeleaf/standard/expression/GreaterLesserExpression
Event: 7.540 loading class org/thymeleaf/standard/expression/GreaterLesserExpression done
Event: 7.540 Executing VM operation: G1CollectForAllocation


Dynamic libraries:
0x00007ff6fd4a0000 - 0x00007ff6fd4ad000 	C:\Program Files\Amazon Corretto\jdk11.0.13_8\bin\java.exe
0x00007ffb874d0000 - 0x00007ffb876c8000 	C:\Windows\SYSTEM32\ntdll.dll
0x00007ffb872f0000 - 0x00007ffb873af000 	C:\Windows\System32\KERNEL32.DLL
0x00007ffb84bd0000 - 0x00007ffb84ea2000 	C:\Windows\System32\KERNELBASE.dll
0x00007ffb85020000 - 0x00007ffb85120000 	C:\Windows\System32\ucrtbase.dll
0x00007ffb7e780000 - 0x00007ffb7e799000 	C:\Program Files\Amazon Corretto\jdk11.0.13_8\bin\VCRUNTIME140.dll
0x00007ffb77740000 - 0x00007ffb77757000 	C:\Program Files\Amazon Corretto\jdk11.0.13_8\bin\jli.dll
0x00007ffb86f50000 - 0x00007ffb870ed000 	C:\Windows\System32\USER32.dll
0x00007ffb644b0000 - 0x00007ffb6474a000 	C:\Windows\WinSxS\amd64_microsoft.windows.common-controls_6595b64144ccf1df_6.0.19041.1110_none_60b5254171f9507e\COMCTL32.dll
0x00007ffb853e0000 - 0x00007ffb85402000 	C:\Windows\System32\win32u.dll
0x00007ffb870f0000 - 0x00007ffb8718e000 	C:\Windows\System32\msvcrt.dll
0x00007ffb86060000 - 0x00007ffb8608b000 	C:\Windows\System32\GDI32.dll
0x00007ffb85410000 - 0x00007ffb8551f000 	C:\Windows\System32\gdi32full.dll
0x00007ffb852b0000 - 0x00007ffb8534d000 	C:\Windows\System32\msvcp_win.dll
0x00007ffb85f70000 - 0x00007ffb85fa2000 	C:\Windows\System32\IMM32.DLL
0x00007ffb48300000 - 0x00007ffb4839b000 	C:\Program Files\Amazon Corretto\jdk11.0.13_8\bin\msvcp140.dll
0x00007ffae2fc0000 - 0x00007ffae3b3f000 	C:\Program Files\Amazon Corretto\jdk11.0.13_8\bin\server\jvm.dll
0x00007ffb85fb0000 - 0x00007ffb8605e000 	C:\Windows\System32\ADVAPI32.dll
0x00007ffb87240000 - 0x00007ffb872dc000 	C:\Windows\System32\sechost.dll
0x00007ffb86790000 - 0x00007ffb868b5000 	C:\Windows\System32\RPCRT4.dll
0x00007ffb85520000 - 0x00007ffb85528000 	C:\Windows\System32\PSAPI.DLL
0x00007ffb7fff0000 - 0x00007ffb7fff9000 	C:\Windows\SYSTEM32\WSOCK32.dll
0x00007ffb836a0000 - 0x00007ffb836c7000 	C:\Windows\SYSTEM32\WINMM.dll
0x00007ffb863c0000 - 0x00007ffb8642b000 	C:\Windows\System32\WS2_32.dll
0x00007ffb7c6e0000 - 0x00007ffb7c6ea000 	C:\Windows\SYSTEM32\VERSION.dll
0x00007ffb827a0000 - 0x00007ffb827b2000 	C:\Windows\SYSTEM32\kernel.appcore.dll
0x00007ffb7fe70000 - 0x00007ffb7fe80000 	C:\Program Files\Amazon Corretto\jdk11.0.13_8\bin\verify.dll
0x00007ffb77860000 - 0x00007ffb77a44000 	C:\Windows\SYSTEM32\DBGHELP.DLL
0x00007ffb69ce0000 - 0x00007ffb69d0c000 	C:\Windows\SYSTEM32\dbgcore.DLL
0x00007ffb85350000 - 0x00007ffb853d2000 	C:\Windows\System32\bcryptPrimitives.dll
0x00007ffb65240000 - 0x00007ffb65268000 	C:\Program Files\Amazon Corretto\jdk11.0.13_8\bin\java.dll
0x00007ffb7fd60000 - 0x00007ffb7fd6a000 	C:\Program Files\Amazon Corretto\jdk11.0.13_8\bin\jimage.dll
0x00007ffb7e2a0000 - 0x00007ffb7e2ae000 	C:\Program Files\Amazon Corretto\jdk11.0.13_8\bin\instrument.dll
0x00007ffb6dbc0000 - 0x00007ffb6dbd7000 	C:\Program Files\Amazon Corretto\jdk11.0.13_8\bin\zip.dll
0x00007ffb85730000 - 0x00007ffb85e73000 	C:\Windows\System32\SHELL32.dll
0x00007ffb82e20000 - 0x00007ffb835b2000 	C:\Windows\SYSTEM32\windows.storage.dll
0x00007ffb86430000 - 0x00007ffb86784000 	C:\Windows\System32\combase.dll
0x00007ffb84590000 - 0x00007ffb845c0000 	C:\Windows\SYSTEM32\Wldp.dll
0x00007ffb85530000 - 0x00007ffb855dd000 	C:\Windows\System32\SHCORE.dll
0x00007ffb868f0000 - 0x00007ffb86945000 	C:\Windows\System32\shlwapi.dll
0x00007ffb84b10000 - 0x00007ffb84b2f000 	C:\Windows\SYSTEM32\profapi.dll
0x00007ffb65220000 - 0x00007ffb65239000 	C:\Program Files\Amazon Corretto\jdk11.0.13_8\bin\net.dll
0x00007ffb74760000 - 0x00007ffb7486c000 	C:\Windows\SYSTEM32\WINHTTP.dll
0x00007ffb84250000 - 0x00007ffb842ba000 	C:\Windows\system32\mswsock.dll
0x00007ffb651d0000 - 0x00007ffb651e2000 	C:\Program Files\Amazon Corretto\jdk11.0.13_8\bin\nio.dll
0x00007ffb5d0b0000 - 0x00007ffb5d0ca000 	C:\Program Files\JetBrains\IntelliJ IDEA 2021.1.3\bin\breakgen64.dll
0x00007ffb83f80000 - 0x00007ffb8404a000 	C:\Windows\SYSTEM32\DNSAPI.dll
0x00007ffb83f40000 - 0x00007ffb83f7b000 	C:\Windows\SYSTEM32\IPHLPAPI.DLL
0x00007ffb872e0000 - 0x00007ffb872e8000 	C:\Windows\System32\NSI.dll
0x00007ffb7c750000 - 0x00007ffb7c75a000 	C:\Windows\System32\rasadhlp.dll
0x00007ffb749c0000 - 0x00007ffb74a40000 	C:\Windows\System32\fwpuclnt.dll
0x00007ffb85280000 - 0x00007ffb852a7000 	C:\Windows\System32\bcrypt.dll
0x00007ffb7b800000 - 0x00007ffb7b809000 	C:\Program Files\Amazon Corretto\jdk11.0.13_8\bin\management.dll
0x00007ffb6ffa0000 - 0x00007ffb6ffab000 	C:\Program Files\Amazon Corretto\jdk11.0.13_8\bin\management_ext.dll
0x00007ffb84470000 - 0x00007ffb84488000 	C:\Windows\SYSTEM32\CRYPTSP.dll
0x00007ffb84450000 - 0x00007ffb84467000 	C:\Program Files\Common Files\Crypto Pro\AppCompat\cpadvai.dll
0x00007ffb83b70000 - 0x00007ffb83ba4000 	C:\Windows\system32\rsaenh.dll
0x00007ffb84a90000 - 0x00007ffb84abe000 	C:\Windows\SYSTEM32\USERENV.dll
0x00007ffb84490000 - 0x00007ffb8449c000 	C:\Windows\SYSTEM32\CRYPTBASE.dll
0x00007ffb77700000 - 0x00007ffb77717000 	C:\Windows\SYSTEM32\dhcpcsvc6.DLL
0x00007ffb7b470000 - 0x00007ffb7b48d000 	C:\Windows\SYSTEM32\dhcpcsvc.DLL
0x00007ffb5ce30000 - 0x00007ffb5ce47000 	C:\Windows\system32\napinsp.dll
0x00007ffb5ce10000 - 0x00007ffb5ce2b000 	C:\Windows\system32\pnrpnsp.dll
0x00007ffb7f380000 - 0x00007ffb7f395000 	C:\Windows\system32\wshbth.dll
0x00007ffb7fb90000 - 0x00007ffb7fbad000 	C:\Windows\system32\NLAapi.dll
0x00007ffb5cdf0000 - 0x00007ffb5ce02000 	C:\Windows\System32\winrnr.dll
0x00007ffb4a270000 - 0x00007ffb4a295000 	C:\Program Files\Amazon Corretto\jdk11.0.13_8\bin\sunec.dll
0x00007ffb64b80000 - 0x00007ffb64b8e000 	C:\Program Files\Amazon Corretto\jdk11.0.13_8\bin\sunmscapi.dll
0x00007ffb85120000 - 0x00007ffb85276000 	C:\Windows\System32\CRYPT32.dll
0x00007ffb84600000 - 0x00007ffb84627000 	C:\Windows\SYSTEM32\ncrypt.dll
0x00007ffb84630000 - 0x00007ffb84652000 	C:\Program Files\Common Files\Crypto Pro\AppCompat\cpcrypt.dll
0x00007ffb845c0000 - 0x00007ffb845fb000 	C:\Windows\SYSTEM32\NTASN1.dll

dbghelp: loaded successfully - version: 4.0.5 - missing functions: none
symbol engine: initialized successfully - sym options: 0x614 - pdb path: .;C:\Program Files\Amazon Corretto\jdk11.0.13_8\bin;C:\Windows\SYSTEM32;C:\Windows\WinSxS\amd64_microsoft.windows.common-controls_6595b64144ccf1df_6.0.19041.1110_none_60b5254171f9507e;C:\Program Files\Amazon Corretto\jdk11.0.13_8\bin\server;C:\Program Files\JetBrains\IntelliJ IDEA 2021.1.3\bin;C:\Program Files\Common Files\Crypto Pro\AppCompat

VM Arguments:
jvm_args: -XX:TieredStopAtLevel=1 -Xverify:none -Dspring.output.ansi.enabled=always -javaagent:C:\Program Files\JetBrains\IntelliJ IDEA 2021.1.3\lib\idea_rt.jar=64454:C:\Program Files\JetBrains\IntelliJ IDEA 2021.1.3\bin -Dcom.sun.management.jmxremote -Dspring.jmx.enabled=true -Dspring.liveBeansView.mbeanDomain -Dspring.application.admin.enabled=true -Dfile.encoding=UTF-8 
java_command: ru.kata.spring.boot_security.demo.SpringBootSecurityDemoApplication
java_class_path (initial): C:\Users\antiv\IdeaProjects\PP_3_1_2_Boot_Security\target\classes;C:\Users\antiv\.m2\repository\org\springframework\spring-tx\5.3.14\spring-tx-5.3.14.jar;C:\Users\antiv\.m2\repository\org\springframework\spring-beans\5.3.14\spring-beans-5.3.14.jar;C:\Users\antiv\.m2\repository\org\springframework\spring-core\5.3.14\spring-core-5.3.14.jar;C:\Users\antiv\.m2\repository\org\springframework\spring-jcl\5.3.14\spring-jcl-5.3.14.jar;C:\Users\antiv\.m2\repository\org\springframework\boot\spring-boot-starter-data-jpa\2.6.2\spring-boot-starter-data-jpa-2.6.2.jar;C:\Users\antiv\.m2\repository\org\springframework\boot\spring-boot-starter-aop\2.6.2\spring-boot-starter-aop-2.6.2.jar;C:\Users\antiv\.m2\repository\org\aspectj\aspectjweaver\1.9.7\aspectjweaver-1.9.7.jar;C:\Users\antiv\.m2\repository\org\springframework\boot\spring-boot-starter-jdbc\2.6.2\spring-boot-starter-jdbc-2.6.2.jar;C:\Users\antiv\.m2\repository\com\zaxxer\HikariCP\4.0.3\HikariCP-4.0.3.jar;C:\Users\antiv\.m2\repository\org\springframework\spring-jdbc\5.3.14\spring-jdbc-5.3.14.jar;C:\Users\antiv\.m2\repository\jakarta\transaction\jakarta.transaction-api\1.3.3\jakarta.transaction-api-1.3.3.jar;C:\Users\antiv\.m2\repository\jakarta\persistence\jakarta.persistence-api\2.2.3\jakarta.persistence-api-2.2.3.jar;C:\Users\antiv\.m2\repository\org\hibernate\hibernate-core\5.6.3.Final\hibernate-core-5.6.3.Final.jar;C:\Users\antiv\.m2\repository\org\jboss\logging\jboss-logging\3.4.2.Final\jboss-logging-3.4.2.Final.jar;C:\Users\antiv\.m2\repository\net\bytebuddy\byte-buddy\1.11.22\byte-buddy-1.11.22.jar;C:\Users\antiv\.m2\repository\antlr\antlr\2.7.7\antlr-2.7.7.jar;C:\Users\antiv\.m2\repository\org\jboss\jandex\2.2.3.Final\jandex-2.2.3.Final.jar;C:\Users\antiv\.m2\repository\com\fasterxml\classmate\1.5.1\classmate-1.5.1.jar;C:\Users\antiv\.m2\repository\org\hibernate\common\hibernate-commons-annotations\5.1.2.Final\hibernate-commons-annotations-5.1.2.Final.jar;C:\Users\antiv\.m2\repository\org\
Launcher Type: SUN_STANDARD

[Global flags]
     bool BytecodeVerificationLocal                = false                                     {product} {command line}
     bool BytecodeVerificationRemote               = false                                     {product} {command line}
     intx CICompilerCount                          = 4                                         {product} {ergonomic}
     uint ConcGCThreads                            = 2                                         {product} {ergonomic}
     uint G1ConcRefinementThreads                  = 8                                         {product} {ergonomic}
   size_t G1HeapRegionSize                         = 1048576                                   {product} {ergonomic}
    uintx GCDrainStackTargetSize                   = 64                                        {product} {ergonomic}
   size_t InitialHeapSize                          = 132120576                                 {product} {ergonomic}
     bool ManagementServer                         = true                                      {product} {command line}
   size_t MarkStackSize                            = 4194304                                   {product} {ergonomic}
   size_t MaxHeapSize                              = 2105540608                                {product} {ergonomic}
   size_t MaxNewSize                               = 1262485504                                {product} {ergonomic}
   size_t MinHeapDeltaBytes                        = 1048576                                   {product} {ergonomic}
    uintx NonNMethodCodeHeapSize                   = 7549744                                {pd product} {ergonomic}
    uintx NonProfiledCodeHeapSize                  = 244108496                              {pd product} {ergonomic}
    uintx ProfiledCodeHeapSize                     = 0                                      {pd product} {ergonomic}
    uintx ReservedCodeCacheSize                    = 251658240                              {pd product} {ergonomic}
     bool SegmentedCodeCache                       = true                                      {product} {ergonomic}
     intx TieredStopAtLevel                        = 1                                         {product} {command line}
     bool UseCompressedClassPointers               = true                                 {lp64_product} {ergonomic}
     bool UseCompressedOops                        = true                                 {lp64_product} {ergonomic}
     bool UseG1GC                                  = true                                      {product} {ergonomic}
     bool UseLargePagesIndividualAllocation        = false                                  {pd product} {ergonomic}

Logging:
Log output configuration:
 #0: stdout all=warning uptime,level,tags
 #1: stderr all=off uptime,level,tags

Environment Variables:
JAVA_HOME=C:\Program Files\Amazon Corretto\jdk11.0.13_8
PATH=C:\Windows;C:\Windows\System32\Wbem;C:\Windows\System32\WindowsPowerShell\v1.0\;C:\Windows\System32\OpenSSH\;C:\Program Files\Git\cmd;C:\Program Files\apache-maven-3.8.3\bin;C:\Program Files\Amazon Corretto\jdk11.0.13_8\bin;D:\kafka\bin\windows;C:\Program Files (x86)\Calibre2\;C:\Program Files\MySQL\MySQL Shell 8.0\bin\;C:\Users\antiv\AppData\Local\Microsoft\WindowsApps;
USERNAME=antiv
OS=Windows_NT
PROCESSOR_IDENTIFIER=Intel64 Family 6 Model 142 Stepping 12, GenuineIntel



---------------  S Y S T E M  ---------------

OS: Windows 10 , 64 bit Build 19041 (10.0.19041.2251)
OS uptime: 1 days 2:05 hours

CPU:total 8 (initial active 8) (4 cores per cpu, 2 threads per core) family 6 model 142 stepping 12 microcode 0xde, cmov, cx8, fxsr, mmx, sse, sse2, sse3, ssse3, sse4.1, sse4.2, popcnt, avx, avx2, aes, clmul, erms, 3dnowpref, lzcnt, ht, tsc, tscinvbit, bmi1, bmi2, adx, fma

Memory: 4k page, system-wide physical 8025M (1117M free)
TotalPageFile size 15961M (AvailPageFile size 5538M)
current process WorkingSet (physical memory assigned to process): 263M, peak: 263M
current process commit charge ("private bytes"): 329M, peak: 329M

vm_info: OpenJDK 64-Bit Server VM (11.0.13+8-LTS) for windows-amd64 JRE (11.0.13+8-LTS), built on Oct 13 2021 21:32:06 by "Administrator" with unknown MS VC++:1916

END.
