#
# A fatal error has been detected by the Java Runtime Environment:
#
#  EXCEPTION_ACCESS_VIOLATION (0xc0000005) at pc=0x00007ff8948af8ed, pid=13556, tid=14604
#
# JRE version: OpenJDK Runtime Environment Corretto-11.0.13.8.1 (11.0.13+8) (build 11.0.13+8-LTS)
# Java VM: OpenJDK 64-Bit Server VM Corretto-11.0.13.8.1 (11.0.13+8-LTS, mixed mode, tiered, compressed oops, g1 gc, windows-amd64)
# Problematic frame:
# V  [jvm.dll+0x2df8ed]
#
# No core dump will be written. Minidumps are not enabled by default on client versions of Windows
#
# If you would like to submit a bug report, please visit:
#   https://github.com/corretto/corretto-11/issues/
#

---------------  S U M M A R Y ------------

Command Line: -XX:TieredStopAtLevel=1 -Xverify:none -Dspring.output.ansi.enabled=always -javaagent:C:\Program Files\JetBrains\IntelliJ IDEA 2021.1.3\lib\idea_rt.jar=50381:C:\Program Files\JetBrains\IntelliJ IDEA 2021.1.3\bin -Dcom.sun.management.jmxremote -Dspring.jmx.enabled=true -Dspring.liveBeansView.mbeanDomain -Dspring.application.admin.enabled=true -Dfile.encoding=UTF-8 ru.kata.spring.boot_security.demo.SpringBootSecurityDemoApplication

Host: Intel(R) Core(TM) i5-10210U CPU @ 1.60GHz, 8 cores, 7G,  Windows 10 , 64 bit Build 19041 (10.0.19041.2251)
Time: Sat Nov 12 17:37:21 2022 RTZ 2 (зима) elapsed time: 3.105879 seconds (0d 0h 0m 3s)

---------------  T H R E A D  ---------------

Current thread (0x000002824d68c800):  GCTaskThread "GC Thread#2" [stack: 0x00000089bf500000,0x00000089bf600000] [id=14604]

Stack: [0x00000089bf500000,0x00000089bf600000],  sp=0x00000089bf5fde80,  free space=1015k
Native frames: (J=compiled Java code, j=interpreted, Vv=VM code, C=native code)
V  [jvm.dll+0x2df8ed]
V  [jvm.dll+0x3077cf]
V  [jvm.dll+0x308719]
V  [jvm.dll+0x306c03]
V  [jvm.dll+0x30684e]
V  [jvm.dll+0x316f05]
V  [jvm.dll+0x60c3a9]
V  [jvm.dll+0x2d389e]
V  [jvm.dll+0x2d3309]
V  [jvm.dll+0x76a1b7]
V  [jvm.dll+0x76a650]
V  [jvm.dll+0x317a25]
V  [jvm.dll+0x317528]
V  [jvm.dll+0x2e84c3]
V  [jvm.dll+0x7d9d90]
V  [jvm.dll+0x765274]
V  [jvm.dll+0x61bb46]
C  [ucrtbase.dll+0x21bb2]
C  [KERNEL32.DLL+0x174b4]
C  [ntdll.dll+0x526a1]

JavaThread 0x000002822a948800 (nid = 6456) was being processed
Java frames: (J=compiled Java code, j=interpreted, Vv=VM code)
J 1417  java.lang.ClassLoader.defineClass1(Ljava/lang/ClassLoader;Ljava/lang/String;[BIILjava/security/ProtectionDomain;Ljava/lang/String;)Ljava/lang/Class; java.base@11.0.13 (0 bytes) @ 0x000002823518affb [0x000002823518af40+0x00000000000000bb]
J 1416 c1 java.lang.ClassLoader.defineClass(Ljava/lang/String;[BIILjava/security/ProtectionDomain;)Ljava/lang/Class; java.base@11.0.13 (43 bytes) @ 0x000002823519157c [0x0000028235191480+0x00000000000000fc]
J 1285 c1 jdk.internal.loader.BuiltinClassLoader.defineClass(Ljava/lang/String;Ljdk/internal/loader/Resource;)Ljava/lang/Class; java.base@11.0.13 (121 bytes) @ 0x0000028235158d8c [0x0000028235158840+0x000000000000054c]
J 1268 c1 jdk.internal.loader.BuiltinClassLoader.findClassOnClassPathOrNull(Ljava/lang/String;)Ljava/lang/Class; java.base@11.0.13 (64 bytes) @ 0x000002823514ff64 [0x000002823514fea0+0x00000000000000c4]
J 1136 c1 jdk.internal.loader.BuiltinClassLoader.loadClassOrNull(Ljava/lang/String;Z)Ljava/lang/Class; java.base@11.0.13 (143 bytes) @ 0x000002823511574c [0x00000282351152a0+0x00000000000004ac]
J 1225 c1 jdk.internal.loader.ClassLoaders$AppClassLoader.loadClass(Ljava/lang/String;Z)Ljava/lang/Class; java.base@11.0.13 (40 bytes) @ 0x000002823513c1c4 [0x000002823513c080+0x0000000000000144]
J 1222 c1 java.lang.ClassLoader.loadClass(Ljava/lang/String;)Ljava/lang/Class; java.base@11.0.13 (7 bytes) @ 0x000002823513b684 [0x000002823513b640+0x0000000000000044]
v  ~StubRoutines::call_stub
j  org.springframework.boot.autoconfigure.jdbc.metadata.DataSourcePoolMetadataProvidersConfiguration$HikariPoolDataSourceMetadataProviderConfiguration.lambda$hikariPoolDataSourceMetadataProvider$0(Ljavax/sql/DataSource;)Lorg/springframework/boot/jdbc/metadata/DataSourcePoolMetadata;+5
j  org.springframework.boot.autoconfigure.jdbc.metadata.DataSourcePoolMetadataProvidersConfiguration$HikariPoolDataSourceMetadataProviderConfiguration$$Lambda$666.getDataSourcePoolMetadata(Ljavax/sql/DataSource;)Lorg/springframework/boot/jdbc/metadata/DataSourcePoolMetadata;+1
j  org.springframework.boot.jdbc.metadata.CompositeDataSourcePoolMetadataProvider.getDataSourcePoolMetadata(Ljavax/sql/DataSource;)Lorg/springframework/boot/jdbc/metadata/DataSourcePoolMetadata;+31
j  org.springframework.boot.autoconfigure.orm.jpa.HibernateJpaConfiguration.isDataSourceAutoCommitDisabled()Z+8
j  org.springframework.boot.autoconfigure.orm.jpa.HibernateJpaConfiguration.configureProviderDisablesAutocommit(Ljava/util/Map;)V+1
j  org.springframework.boot.autoconfigure.orm.jpa.HibernateJpaConfiguration.customizeVendorProperties(Ljava/util/Map;)V+34
j  org.springframework.boot.autoconfigure.orm.jpa.JpaBaseConfiguration.entityManagerFactory(Lorg/springframework/boot/orm/jpa/EntityManagerFactoryBuilder;)Lorg/springframework/orm/jpa/LocalContainerEntityManagerFactoryBean;+7
v  ~StubRoutines::call_stub
J 2428  jdk.internal.reflect.NativeMethodAccessorImpl.invoke0(Ljava/lang/reflect/Method;Ljava/lang/Object;[Ljava/lang/Object;)Ljava/lang/Object; java.base@11.0.13 (0 bytes) @ 0x0000028235306abf [0x0000028235306a40+0x000000000000007f]
J 2427 c1 jdk.internal.reflect.NativeMethodAccessorImpl.invoke(Ljava/lang/Object;[Ljava/lang/Object;)Ljava/lang/Object; java.base@11.0.13 (104 bytes) @ 0x000002823530897c [0x0000028235308620+0x000000000000035c]
J 2308 c1 jdk.internal.reflect.DelegatingMethodAccessorImpl.invoke(Ljava/lang/Object;[Ljava/lang/Object;)Ljava/lang/Object; java.base@11.0.13 (10 bytes) @ 0x00000282352d9584 [0x00000282352d9540+0x0000000000000044]
J 2322 c1 java.lang.reflect.Method.invoke(Ljava/lang/Object;[Ljava/lang/Object;)Ljava/lang/Object; java.base@11.0.13 (65 bytes) @ 0x00000282352dd854 [0x00000282352dd760+0x00000000000000f4]
j  org.springframework.beans.factory.support.SimpleInstantiationStrategy.instantiate(Lorg/springframework/beans/factory/support/RootBeanDefinition;Ljava/lang/String;Lorg/springframework/beans/factory/BeanFactory;Ljava/lang/Object;Ljava/lang/reflect/Method;[Ljava/lang/Object;)Ljava/lang/Object;+50
j  org.springframework.beans.factory.support.ConstructorResolver.instantiate(Ljava/lang/String;Lorg/springframework/beans/factory/support/RootBeanDefinition;Ljava/lang/Object;Ljava/lang/reflect/Method;[Ljava/lang/Object;)Ljava/lang/Object;+48
j  org.springframework.beans.factory.support.ConstructorResolver.instantiateUsingFactoryMethod(Ljava/lang/String;Lorg/springframework/beans/factory/support/RootBeanDefinition;[Ljava/lang/Object;)Lorg/springframework/beans/BeanWrapper;+1565
j  org.springframework.beans.factory.support.AbstractAutowireCapableBeanFactory.instantiateUsingFactoryMethod(Ljava/lang/String;Lorg/springframework/beans/factory/support/RootBeanDefinition;[Ljava/lang/Object;)Lorg/springframework/beans/BeanWrapper;+11
j  org.springframework.beans.factory.support.AbstractAutowireCapableBeanFactory.createBeanInstance(Ljava/lang/String;Lorg/springframework/beans/factory/support/RootBeanDefinition;[Ljava/lang/Object;)Lorg/springframework/beans/BeanWrapper;+102
j  org.springframework.beans.factory.support.AbstractAutowireCapableBeanFactory.doCreateBean(Ljava/lang/String;Lorg/springframework/beans/factory/support/RootBeanDefinition;[Ljava/lang/Object;)Ljava/lang/Object;+34
j  org.springframework.beans.factory.support.AbstractAutowireCapableBeanFactory.createBean(Ljava/lang/String;Lorg/springframework/beans/factory/support/RootBeanDefinition;[Ljava/lang/Object;)Ljava/lang/Object;+169
j  org.springframework.beans.factory.support.AbstractBeanFactory.lambda$doGetBean$0(Ljava/lang/String;Lorg/springframework/beans/factory/support/RootBeanDefinition;[Ljava/lang/Object;)Ljava/lang/Object;+4
j  org.springframework.beans.factory.support.AbstractBeanFactory$$Lambda$295.getObject()Ljava/lang/Object;+16
j  org.springframework.beans.factory.support.DefaultSingletonBeanRegistry.getSingleton(Ljava/lang/String;Lorg/springframework/beans/factory/ObjectFactory;)Ljava/lang/Object;+132
J 2943 c1 org.springframework.beans.factory.support.AbstractBeanFactory.doGetBean(Ljava/lang/String;Ljava/lang/Class;[Ljava/lang/Object;Z)Ljava/lang/Object; (832 bytes) @ 0x00000282353ed2dc [0x00000282353ecce0+0x00000000000005fc]
j  org.springframework.beans.factory.support.AbstractBeanFactory.getBean(Ljava/lang/String;)Ljava/lang/Object;+5
j  org.springframework.context.support.AbstractApplicationContext.getBean(Ljava/lang/String;)Ljava/lang/Object;+9
j  org.springframework.context.support.AbstractApplicationContext.finishBeanFactoryInitialization(Lorg/springframework/beans/factory/config/ConfigurableListableBeanFactory;)V+100
j  org.springframework.context.support.AbstractApplicationContext.refresh()V+86
j  org.springframework.boot.web.servlet.context.ServletWebServerApplicationContext.refresh()V+1
j  org.springframework.boot.SpringApplication.refresh(Lorg/springframework/context/ConfigurableApplicationContext;)V+1
j  org.springframework.boot.SpringApplication.refreshContext(Lorg/springframework/context/ConfigurableApplicationContext;)V+16
j  org.springframework.boot.SpringApplication.run([Ljava/lang/String;)Lorg/springframework/context/ConfigurableApplicationContext;+107
j  org.springframework.boot.SpringApplication.run([Ljava/lang/Class;[Ljava/lang/String;)Lorg/springframework/context/ConfigurableApplicationContext;+9
j  org.springframework.boot.SpringApplication.run(Ljava/lang/Class;[Ljava/lang/String;)Lorg/springframework/context/ConfigurableApplicationContext;+9
j  ru.kata.spring.boot_security.demo.SpringBootSecurityDemoApplication.main([Ljava/lang/String;)V+3
v  ~StubRoutines::call_stub

siginfo: EXCEPTION_ACCESS_VIOLATION (0xc0000005), reading address 0x00000000000000f8


Register to memory mapping:

RIP=0x00007ff8948af8ed jvm.dll
RAX=0x000002822a9751c0 points into unknown readable memory: 0x0000000000000000 | 00 00 00 00 00 00 00 00
RBX=0x000002824e20bce0 points into unknown readable memory: 0x00007ff894e86f88 | 88 6f e8 94 f8 7f 00 00
RCX=0x0000000000000014 is an unknown value
RDX=0x0 is NULL
RSP=0x00000089bf5fde80 points into unknown readable memory: 0x0000000000000102 | 02 01 00 00 00 00 00 00
RBP=0x000002824e20be50 points into unknown readable memory: 0x00007ff894e86f40 | 40 6f e8 94 f8 7f 00 00
RSI=0x00000001000301b0 is pointing into metadata
RDI=0x0000000082ffbd08 is pointing into object: java.util.LinkedHashMap 
{0x0000000082ffbcd8} - klass: 'java/util/LinkedHashMap'
R8 =0x0000000082ffbcf8 is pointing into object: java.util.LinkedHashMap 
{0x0000000082ffbcd8} - klass: 'java/util/LinkedHashMap'
R9 =0x00000000000003f4 is an unknown value
R10=0x0000000082ffbcf8 is pointing into object: java.util.LinkedHashMap 
{0x0000000082ffbcd8} - klass: 'java/util/LinkedHashMap'
R11=0x000002824e20be50 points into unknown readable memory: 0x00007ff894e86f40 | 40 6f e8 94 f8 7f 00 00
R12=0x0000000000000004 is an unknown value
R13=0x0000000000000007 is an unknown value
R14=0x00000001000301a0 is pointing into metadata
R15=0x0000000082ffbcd8 is an oop: java.util.LinkedHashMap 
{0x0000000082ffbcd8} - klass: 'java/util/LinkedHashMap'


Registers:
RAX=0x000002822a9751c0, RBX=0x000002824e20bce0, RCX=0x0000000000000014, RDX=0x0000000000000000
RSP=0x00000089bf5fde80, RBP=0x000002824e20be50, RSI=0x00000001000301b0, RDI=0x0000000082ffbd08
R8 =0x0000000082ffbcf8, R9 =0x00000000000003f4, R10=0x0000000082ffbcf8, R11=0x000002824e20be50
R12=0x0000000000000004, R13=0x0000000000000007, R14=0x00000001000301a0, R15=0x0000000082ffbcd8
RIP=0x00007ff8948af8ed, EFLAGS=0x0000000000010202

Top of Stack: (sp=0x00000089bf5fde80)
0x00000089bf5fde80:   0000000000000102 00007ff8948a5c81
0x00000089bf5fde90:   00000089bf5fdf78 000000008920c02d
0x00000089bf5fdea0:   0000000082ffbcf8 00007ff8948d77cf
0x00000089bf5fdeb0:   00000089bf5fdef0 00007ff8948d8992
0x00000089bf5fdec0:   0000000000000025 0000000085a7a4a0
0x00000089bf5fded0:   0000000000000025 0000000085a7a4a0
0x00000089bf5fdee0:   0000000000000001 00007ff8948d8719
0x00000089bf5fdef0:   0000000000000002 000002824e20bce0
0x00000089bf5fdf00:   0000000082ffbcd8 00007ff8948ac41e
0x00000089bf5fdf10:   0000028200000100 00000089bf5fe1c8
0x00000089bf5fdf20:   00000000892022b8 0000000000000040
0x00000089bf5fdf30:   000002824e20bce0 0000000000000040
0x00000089bf5fdf40:   000002822a963680 00000089bf5fe1c8
0x00000089bf5fdf50:   0000000000000000 000002822a963600
0x00000089bf5fdf60:   0000000000000008 00007ff8948d6c03
0x00000089bf5fdf70:   000002822a963600 000002822a963600 

Instructions: (pc=0x00007ff8948af8ed)
0x00007ff8948af7ed:   48 ff 47 20 48 8b 5c 24 30 48 83 c4 20 5f c3 cc
0x00007ff8948af7fd:   cc cc cc 48 89 5c 24 08 57 48 83 ec 20 48 8b 41
0x00007ff8948af80d:   18 48 8b fa 48 8b 58 10 48 8b cb e8 c3 7c 00 00
0x00007ff8948af81d:   84 c0 75 29 48 81 c3 90 00 00 00 48 8b 4b 20 48
0x00007ff8948af82d:   3b 4b 08 75 0c 48 8b cb e8 76 09 f6 ff 48 8b 4b
0x00007ff8948af83d:   20 48 8b 43 38 48 89 3c c8 48 ff 43 20 48 8b 5c
0x00007ff8948af84d:   24 30 48 83 c4 20 5f c3 cc cc cc cc cc cc cc cc
0x00007ff8948af85d:   cc cc cc 48 89 5c 24 08 57 48 83 ec 20 48 8b 79
0x00007ff8948af86d:   10 48 8b da 48 83 cb 01 48 8b cf 48 8b d3 e8 60
0x00007ff8948af87d:   7c 00 00 84 c0 75 29 48 81 c7 90 00 00 00 48 8b
0x00007ff8948af88d:   4f 20 48 3b 4f 08 75 0c 48 8b cf e8 13 09 f6 ff
0x00007ff8948af89d:   48 8b 4f 20 48 8b 47 38 48 89 1c c8 48 ff 47 20
0x00007ff8948af8ad:   48 8b 5c 24 30 48 83 c4 20 5f c3 cc cc cc cc cc
0x00007ff8948af8bd:   cc cc cc 40 53 48 83 ec 20 8b 82 04 01 00 00 48
0x00007ff8948af8cd:   8b d9 d1 e8 a8 01 75 6b 48 8b 41 08 8b 88 c0 02
0x00007ff8948af8dd:   00 00 48 8b 80 b0 02 00 00 49 d3 e9 4a 8b 14 c8
0x00007ff8948af8ed:   48 8b 82 f8 00 00 00 83 b8 18 01 00 00 00 74 43
0x00007ff8948af8fd:   48 8b 4b 50 48 89 7c 24 30 49 c1 e8 09 48 8b 79
0x00007ff8948af90d:   48 48 2b 79 40 49 03 f8 48 8b d7 e8 d3 ca ff ff
0x00007ff8948af91d:   84 c0 74 1a 80 7b 28 00 48 8d 4b 18 74 10 48 8b
0x00007ff8948af92d:   43 50 48 8b 50 40 48 03 d7 e8 75 74 38 00 48 8b
0x00007ff8948af93d:   7c 24 30 48 83 c4 20 5b c3 cc cc cc cc cc cc cc
0x00007ff8948af94d:   cc cc cc 40 53 48 83 ec 50 48 89 74 24 68 48 8b
0x00007ff8948af95d:   d9 48 89 7c 24 70 48 8b fa 4c 89 6c 24 40 4c 89
0x00007ff8948af96d:   74 24 38 e8 9b 62 f1 ff 48 8d 05 e4 15 5d 00 48
0x00007ff8948af97d:   89 7b 58 45 33 ed 48 89 03 48 8d 4b 68 4c 89 6b
0x00007ff8948af98d:   48 4c 89 6b 60 e8 39 0c 41 00 48 8d 4b 78 4c 8d
0x00007ff8948af99d:   05 96 92 5b 00 48 8d 15 4f 1f 5d 00 e8 02 0e 2e
0x00007ff8948af9ad:   00 48 8d 8b 40 01 00 00 4c 8d 05 8c 92 5b 00 48
0x00007ff8948af9bd:   8d 15 4d 1f 5d 00 e8 e8 0d 2e 00 41 8d 55 05 4c
0x00007ff8948af9cd:   89 ab 08 02 00 00 45 33 c0 4c 89 ab 10 02 00 00
0x00007ff8948af9dd:   4c 89 ab 18 02 00 00 8d 4a 03 e8 24 9b dd ff 48 


Stack slot to memory mapping:
stack at sp + 0 slots: 0x0000000000000102 is an unknown value
stack at sp + 1 slots: 0x00007ff8948a5c81 jvm.dll
stack at sp + 2 slots: 0x00000089bf5fdf78 points into unknown readable memory: 0x000002822a963600 | 00 36 96 2a 82 02 00 00
stack at sp + 3 slots: 0x000000008920c02d is pointing into object: [Ljava.util.concurrent.ConcurrentHashMap$Node; 
{0x000000008920bfe0} - klass: 'java/util/concurrent/ConcurrentHashMap$Node'[]
 - length: 16
stack at sp + 4 slots: 0x0000000082ffbcf8 is pointing into object: java.util.LinkedHashMap 
{0x0000000082ffbcd8} - klass: 'java/util/LinkedHashMap'
stack at sp + 5 slots: 0x00007ff8948d77cf jvm.dll
stack at sp + 6 slots: 0x00000089bf5fdef0 points into unknown readable memory: 0x0000000000000002 | 02 00 00 00 00 00 00 00
stack at sp + 7 slots: 0x00007ff8948d8992 jvm.dll


---------------  P R O C E S S  ---------------

Threads class SMR info:
_java_thread_list=0x000002824e178290, length=17, elements={
0x000002822a948800, 0x000002824b85b800, 0x000002824b85d000, 0x000002824c0cf000,
0x000002824c0d2000, 0x000002824c0d5800, 0x000002824c0d6800, 0x000002824c0d9800,
0x000002824c217000, 0x000002824c45e800, 0x000002824c9e1000, 0x000002824dc0c800,
0x000002824dc66800, 0x000002824e0ed800, 0x000002824e0ee000, 0x000002824e199800,
0x000002824e1b4000
}

Java Threads: ( => current thread )
  0x000002822a948800 JavaThread "main" [_thread_blocked, id=6456, stack(0x00000089be200000,0x00000089be300000)]
  0x000002824b85b800 JavaThread "Reference Handler" daemon [_thread_blocked, id=9532, stack(0x00000089be900000,0x00000089bea00000)]
  0x000002824b85d000 JavaThread "Finalizer" daemon [_thread_blocked, id=3356, stack(0x00000089bea00000,0x00000089beb00000)]
  0x000002824c0cf000 JavaThread "Signal Dispatcher" daemon [_thread_blocked, id=8564, stack(0x00000089beb00000,0x00000089bec00000)]
  0x000002824c0d2000 JavaThread "Attach Listener" daemon [_thread_blocked, id=4960, stack(0x00000089bec00000,0x00000089bed00000)]
  0x000002824c0d5800 JavaThread "Service Thread" daemon [_thread_blocked, id=8424, stack(0x00000089bed00000,0x00000089bee00000)]
  0x000002824c0d6800 JavaThread "C1 CompilerThread0" daemon [_thread_blocked, id=3224, stack(0x00000089bee00000,0x00000089bef00000)]
  0x000002824c0d9800 JavaThread "Sweeper thread" daemon [_thread_blocked, id=12256, stack(0x00000089bef00000,0x00000089bf000000)]
  0x000002824c217000 JavaThread "Common-Cleaner" daemon [_thread_blocked, id=2384, stack(0x00000089bf000000,0x00000089bf100000)]
  0x000002824c45e800 JavaThread "Monitor Ctrl-Break" daemon [_thread_in_native, id=13688, stack(0x00000089bf100000,0x00000089bf200000)]
  0x000002824c9e1000 JavaThread "RMI TCP Accept-0" daemon [_thread_in_native, id=10676, stack(0x00000089bf200000,0x00000089bf300000)]
  0x000002824dc0c800 JavaThread "RMI TCP Connection(1)-192.168.56.1" daemon [_thread_in_native, id=12836, stack(0x00000089bf700000,0x00000089bf800000)]
  0x000002824dc66800 JavaThread "RMI Scheduler(0)" daemon [_thread_blocked, id=12584, stack(0x00000089bfa00000,0x00000089bfb00000)]
  0x000002824e0ed800 JavaThread "Catalina-utility-1" [_thread_blocked, id=5328, stack(0x00000089bfb00000,0x00000089bfc00000)]
  0x000002824e0ee000 JavaThread "Catalina-utility-2" [_thread_blocked, id=13744, stack(0x00000089bfc00000,0x00000089bfd00000)]
  0x000002824e199800 JavaThread "container-0" [_thread_blocked, id=4032, stack(0x00000089bfd00000,0x00000089bfe00000)]
  0x000002824e1b4000 JavaThread "mysql-cj-abandoned-connection-cleanup" daemon [_thread_blocked, id=11124, stack(0x00000089bfe00000,0x00000089bff00000)]

Other Threads:
  0x000002824b848000 VMThread "VM Thread" [stack: 0x00000089be800000,0x00000089be900000] [id=4332]
  0x000002824c9e8800 WatcherThread [stack: 0x00000089bf300000,0x00000089bf400000] [id=11704]
  0x000002822a962000 GCTaskThread "GC Thread#0" [stack: 0x00000089be300000,0x00000089be400000] [id=1276]
  0x000002824cc52800 GCTaskThread "GC Thread#1" [stack: 0x00000089bf400000,0x00000089bf500000] [id=13444]
=>0x000002824d68c800 GCTaskThread "GC Thread#2" [stack: 0x00000089bf500000,0x00000089bf600000] [id=14604]
  0x000002824d8ad800 GCTaskThread "GC Thread#3" [stack: 0x00000089bf800000,0x00000089bf900000] [id=12888]
  0x000002824e209000 GCTaskThread "GC Thread#4" [stack: 0x00000089bff00000,0x00000089c0000000] [id=14556]
  0x000002824e209800 GCTaskThread "GC Thread#5" [stack: 0x00000089c0000000,0x00000089c0100000] [id=8220]
  0x000002824e20a800 GCTaskThread "GC Thread#6" [stack: 0x00000089c0100000,0x00000089c0200000] [id=13340]
  0x000002824e20b000 GCTaskThread "GC Thread#7" [stack: 0x00000089c0200000,0x00000089c0300000] [id=4684]
  0x000002822a995000 ConcurrentGCThread "G1 Main Marker" [stack: 0x00000089be400000,0x00000089be500000] [id=10504]
  0x000002822a997800 ConcurrentGCThread "G1 Conc#0" [stack: 0x00000089be500000,0x00000089be600000] [id=8476]
  0x000002824d987800 ConcurrentGCThread "G1 Conc#1" [stack: 0x00000089bf900000,0x00000089bfa00000] [id=9640]
  0x000002824b6b0800 ConcurrentGCThread "G1 Refine#0" [stack: 0x00000089be600000,0x00000089be700000] [id=8720]
  0x000002824c457000 ConcurrentGCThread "G1 Refine#1" [stack: 0x00000089bf600000,0x00000089bf700000] [id=12764]
  0x000002824b6b2000 ConcurrentGCThread "G1 Young RemSet Sampling" [stack: 0x00000089be700000,0x00000089be800000] [id=7592]

Threads with active compile tasks:

VM state:at safepoint (normal execution)

VM Mutex/Monitor currently owned by a thread:  ([mutex/lock_event])
[0x000002822a945df0] Threads_lock - owner thread: 0x000002824b848000
[0x000002822a945fa0] Heap_lock - owner thread: 0x000002822a948800

Heap address: 0x0000000082800000, size: 2008 MB, Compressed Oops mode: 32-bit
Narrow klass base: 0x0000000000000000, Narrow klass shift: 3
Compressed class space size: 1073741824 Address: 0x0000000100000000

Heap:
 garbage-first heap   total 155648K, used 61603K [0x0000000082800000, 0x0000000100000000)
  region size 1024K, 47 young (48128K), 2 survivors (2048K)
 Metaspace       used 34602K, capacity 35801K, committed 35920K, reserved 1081344K
  class space    used 4297K, capacity 4810K, committed 4864K, reserved 1048576K
Heap Regions: E=young(eden), S=young(survivor), O=old, HS=humongous(starts), HC=humongous(continues), CS=collection set, F=free, A=archive, TAMS=top-at-mark-start (previous, next)
|   0|0x0000000082800000, 0x0000000082900000, 0x0000000082900000|100%|HS|  |TAMS 0x0000000082900000, 0x0000000082900000| Complete 
|   1|0x0000000082900000, 0x0000000082a00000, 0x0000000082a00000|100%| O|  |TAMS 0x0000000082a00000, 0x0000000082a00000| Untracked 
|   2|0x0000000082a00000, 0x0000000082b00000, 0x0000000082b00000|100%| O|  |TAMS 0x0000000082b00000, 0x0000000082b00000| Untracked 
|   3|0x0000000082b00000, 0x0000000082c00000, 0x0000000082c00000|100%| O|  |TAMS 0x0000000082c00000, 0x0000000082c00000| Untracked 
|   4|0x0000000082c00000, 0x0000000082d00000, 0x0000000082d00000|100%| O|  |TAMS 0x0000000082d00000, 0x0000000082d00000| Untracked 
|   5|0x0000000082d00000, 0x0000000082e00000, 0x0000000082e00000|100%| O|  |TAMS 0x0000000082e00000, 0x0000000082e00000| Untracked 
|   6|0x0000000082e00000, 0x0000000082f00000, 0x0000000082f00000|100%| O|  |TAMS 0x0000000082f00000, 0x0000000082f00000| Untracked 
|   7|0x0000000082f00000, 0x0000000083000000, 0x0000000083000000|100%| O|  |TAMS 0x0000000082fa6000, 0x0000000083000000| Untracked 
|   8|0x0000000083000000, 0x000000008303e760, 0x0000000083100000| 24%| O|  |TAMS 0x0000000083000000, 0x0000000083100000| Untracked 
|   9|0x0000000083100000, 0x0000000083100000, 0x0000000083200000|  0%| F|  |TAMS 0x0000000083100000, 0x0000000083100000| Untracked 
|  10|0x0000000083200000, 0x0000000083200000, 0x0000000083300000|  0%| F|  |TAMS 0x0000000083200000, 0x0000000083200000| Untracked 
|  11|0x0000000083300000, 0x0000000083300000, 0x0000000083400000|  0%| F|  |TAMS 0x0000000083300000, 0x0000000083300000| Untracked 
|  12|0x0000000083400000, 0x0000000083400000, 0x0000000083500000|  0%| F|  |TAMS 0x0000000083400000, 0x0000000083400000| Untracked 
|  13|0x0000000083500000, 0x0000000083500000, 0x0000000083600000|  0%| F|  |TAMS 0x0000000083500000, 0x0000000083500000| Untracked 
|  14|0x0000000083600000, 0x0000000083600000, 0x0000000083700000|  0%| F|  |TAMS 0x0000000083600000, 0x0000000083600000| Untracked 
|  15|0x0000000083700000, 0x0000000083700000, 0x0000000083800000|  0%| F|  |TAMS 0x0000000083700000, 0x0000000083700000| Untracked 
|  16|0x0000000083800000, 0x0000000083800000, 0x0000000083900000|  0%| F|  |TAMS 0x0000000083800000, 0x0000000083800000| Untracked 
|  17|0x0000000083900000, 0x0000000083900000, 0x0000000083a00000|  0%| F|  |TAMS 0x0000000083900000, 0x0000000083900000| Untracked 
|  18|0x0000000083a00000, 0x0000000083a00000, 0x0000000083b00000|  0%| F|  |TAMS 0x0000000083a00000, 0x0000000083a00000| Untracked 
|  19|0x0000000083b00000, 0x0000000083b00000, 0x0000000083c00000|  0%| F|  |TAMS 0x0000000083b00000, 0x0000000083b00000| Untracked 
|  20|0x0000000083c00000, 0x0000000083c00000, 0x0000000083d00000|  0%| F|  |TAMS 0x0000000083c00000, 0x0000000083c00000| Untracked 
|  21|0x0000000083d00000, 0x0000000083d00000, 0x0000000083e00000|  0%| F|  |TAMS 0x0000000083d00000, 0x0000000083d00000| Untracked 
|  22|0x0000000083e00000, 0x0000000083e00000, 0x0000000083f00000|  0%| F|  |TAMS 0x0000000083e00000, 0x0000000083e00000| Untracked 
|  23|0x0000000083f00000, 0x0000000083f00000, 0x0000000084000000|  0%| F|  |TAMS 0x0000000083f00000, 0x0000000083f00000| Untracked 
|  24|0x0000000084000000, 0x0000000084000000, 0x0000000084100000|  0%| F|  |TAMS 0x0000000084000000, 0x0000000084000000| Untracked 
|  25|0x0000000084100000, 0x0000000084100000, 0x0000000084200000|  0%| F|  |TAMS 0x0000000084100000, 0x0000000084100000| Untracked 
|  26|0x0000000084200000, 0x0000000084200000, 0x0000000084300000|  0%| F|  |TAMS 0x0000000084200000, 0x0000000084200000| Untracked 
|  27|0x0000000084300000, 0x0000000084300000, 0x0000000084400000|  0%| F|  |TAMS 0x0000000084300000, 0x0000000084300000| Untracked 
|  28|0x0000000084400000, 0x0000000084400000, 0x0000000084500000|  0%| F|  |TAMS 0x0000000084400000, 0x0000000084400000| Untracked 
|  29|0x0000000084500000, 0x0000000084500000, 0x0000000084600000|  0%| F|  |TAMS 0x0000000084500000, 0x0000000084500000| Untracked 
|  30|0x0000000084600000, 0x0000000084600000, 0x0000000084700000|  0%| F|  |TAMS 0x0000000084600000, 0x0000000084600000| Untracked 
|  31|0x0000000084700000, 0x0000000084700000, 0x0000000084800000|  0%| F|  |TAMS 0x0000000084700000, 0x0000000084700000| Untracked 
|  32|0x0000000084800000, 0x0000000084800000, 0x0000000084900000|  0%| F|  |TAMS 0x0000000084800000, 0x0000000084800000| Untracked 
|  33|0x0000000084900000, 0x0000000084900000, 0x0000000084a00000|  0%| F|  |TAMS 0x0000000084900000, 0x0000000084900000| Untracked 
|  34|0x0000000084a00000, 0x0000000084a00000, 0x0000000084b00000|  0%| F|  |TAMS 0x0000000084a00000, 0x0000000084a00000| Untracked 
|  35|0x0000000084b00000, 0x0000000084b00000, 0x0000000084c00000|  0%| F|  |TAMS 0x0000000084b00000, 0x0000000084b00000| Untracked 
|  36|0x0000000084c00000, 0x0000000084c00000, 0x0000000084d00000|  0%| F|  |TAMS 0x0000000084c00000, 0x0000000084c00000| Untracked 
|  37|0x0000000084d00000, 0x0000000084d00000, 0x0000000084e00000|  0%| F|  |TAMS 0x0000000084d00000, 0x0000000084d00000| Untracked 
|  38|0x0000000084e00000, 0x0000000084e00000, 0x0000000084f00000|  0%| F|  |TAMS 0x0000000084e00000, 0x0000000084e00000| Untracked 
|  39|0x0000000084f00000, 0x0000000084f00000, 0x0000000085000000|  0%| F|  |TAMS 0x0000000084f00000, 0x0000000084f00000| Untracked 
|  40|0x0000000085000000, 0x0000000085000000, 0x0000000085100000|  0%| F|  |TAMS 0x0000000085000000, 0x0000000085000000| Untracked 
|  41|0x0000000085100000, 0x0000000085100000, 0x0000000085200000|  0%| F|  |TAMS 0x0000000085100000, 0x0000000085100000| Untracked 
|  42|0x0000000085200000, 0x0000000085200000, 0x0000000085300000|  0%| F|  |TAMS 0x0000000085200000, 0x0000000085200000| Untracked 
|  43|0x0000000085300000, 0x0000000085400000, 0x0000000085400000|100%| E|CS|TAMS 0x0000000085300000, 0x0000000085400000| Complete 
|  44|0x0000000085400000, 0x0000000085500000, 0x0000000085500000|100%| E|CS|TAMS 0x0000000085400000, 0x0000000085500000| Complete 
|  45|0x0000000085500000, 0x0000000085600000, 0x0000000085600000|100%| E|CS|TAMS 0x0000000085500000, 0x0000000085600000| Complete 
|  46|0x0000000085600000, 0x0000000085700000, 0x0000000085700000|100%| E|CS|TAMS 0x0000000085600000, 0x0000000085700000| Complete 
|  47|0x0000000085700000, 0x0000000085800000, 0x0000000085800000|100%| E|CS|TAMS 0x0000000085700000, 0x0000000085800000| Complete 
|  48|0x0000000085800000, 0x0000000085900000, 0x0000000085900000|100%| E|CS|TAMS 0x0000000085800000, 0x0000000085900000| Complete 
|  49|0x0000000085900000, 0x0000000085a00000, 0x0000000085a00000|100%| E|CS|TAMS 0x0000000085900000, 0x0000000085a00000| Complete 
|  50|0x0000000085a00000, 0x0000000085b00000, 0x0000000085b00000|100%| E|CS|TAMS 0x0000000085a00000, 0x0000000085b00000| Complete 
|  51|0x0000000085b00000, 0x0000000085b00000, 0x0000000085c00000|  0%| F|  |TAMS 0x0000000085b00000, 0x0000000085b00000| Untracked 
|  52|0x0000000085c00000, 0x0000000085c00000, 0x0000000085d00000|  0%| F|  |TAMS 0x0000000085c00000, 0x0000000085c00000| Untracked 
|  53|0x0000000085d00000, 0x0000000085d00000, 0x0000000085e00000|  0%| F|  |TAMS 0x0000000085d00000, 0x0000000085d00000| Untracked 
|  54|0x0000000085e00000, 0x0000000085e00000, 0x0000000085f00000|  0%| F|  |TAMS 0x0000000085e00000, 0x0000000085e00000| Untracked 
|  55|0x0000000085f00000, 0x0000000085f00000, 0x0000000086000000|  0%| F|  |TAMS 0x0000000085f00000, 0x0000000085f00000| Untracked 
|  56|0x0000000086000000, 0x0000000086000000, 0x0000000086100000|  0%| F|  |TAMS 0x0000000086000000, 0x0000000086000000| Untracked 
|  57|0x0000000086100000, 0x0000000086100000, 0x0000000086200000|  0%| F|  |TAMS 0x0000000086100000, 0x0000000086100000| Untracked 
|  58|0x0000000086200000, 0x0000000086200000, 0x0000000086300000|  0%| F|  |TAMS 0x0000000086200000, 0x0000000086200000| Untracked 
|  59|0x0000000086300000, 0x0000000086300000, 0x0000000086400000|  0%| F|  |TAMS 0x0000000086300000, 0x0000000086300000| Untracked 
|  60|0x0000000086400000, 0x0000000086400000, 0x0000000086500000|  0%| F|  |TAMS 0x0000000086400000, 0x0000000086400000| Untracked 
|  61|0x0000000086500000, 0x0000000086500000, 0x0000000086600000|  0%| F|  |TAMS 0x0000000086500000, 0x0000000086500000| Untracked 
|  62|0x0000000086600000, 0x0000000086600000, 0x0000000086700000|  0%| F|  |TAMS 0x0000000086600000, 0x0000000086600000| Untracked 
|  63|0x0000000086700000, 0x0000000086700000, 0x0000000086800000|  0%| F|  |TAMS 0x0000000086700000, 0x0000000086700000| Untracked 
|  64|0x0000000086800000, 0x0000000086800000, 0x0000000086900000|  0%| F|  |TAMS 0x0000000086800000, 0x0000000086800000| Untracked 
|  65|0x0000000086900000, 0x0000000086900000, 0x0000000086a00000|  0%| F|  |TAMS 0x0000000086900000, 0x0000000086900000| Untracked 
|  66|0x0000000086a00000, 0x0000000086a00000, 0x0000000086b00000|  0%| F|  |TAMS 0x0000000086a00000, 0x0000000086a00000| Untracked 
|  67|0x0000000086b00000, 0x0000000086b00000, 0x0000000086c00000|  0%| F|  |TAMS 0x0000000086b00000, 0x0000000086b00000| Untracked 
|  68|0x0000000086c00000, 0x0000000086c00000, 0x0000000086d00000|  0%| F|  |TAMS 0x0000000086c00000, 0x0000000086c00000| Untracked 
|  69|0x0000000086d00000, 0x0000000086d00000, 0x0000000086e00000|  0%| F|  |TAMS 0x0000000086d00000, 0x0000000086d00000| Untracked 
|  70|0x0000000086e00000, 0x0000000086e00000, 0x0000000086f00000|  0%| F|  |TAMS 0x0000000086e00000, 0x0000000086e00000| Untracked 
|  71|0x0000000086f00000, 0x0000000086f00000, 0x0000000087000000|  0%| F|  |TAMS 0x0000000086f00000, 0x0000000086f00000| Untracked 
|  72|0x0000000087000000, 0x0000000087000000, 0x0000000087100000|  0%| F|  |TAMS 0x0000000087000000, 0x0000000087000000| Untracked 
|  73|0x0000000087100000, 0x0000000087100000, 0x0000000087200000|  0%| F|  |TAMS 0x0000000087100000, 0x0000000087100000| Untracked 
|  74|0x0000000087200000, 0x0000000087200000, 0x0000000087300000|  0%| F|  |TAMS 0x0000000087200000, 0x0000000087200000| Untracked 
|  75|0x0000000087300000, 0x0000000087300000, 0x0000000087400000|  0%| F|  |TAMS 0x0000000087300000, 0x0000000087300000| Untracked 
|  76|0x0000000087400000, 0x0000000087400000, 0x0000000087500000|  0%| F|  |TAMS 0x0000000087400000, 0x0000000087400000| Untracked 
|  77|0x0000000087500000, 0x0000000087500000, 0x0000000087600000|  0%| F|  |TAMS 0x0000000087500000, 0x0000000087500000| Untracked 
|  78|0x0000000087600000, 0x0000000087600000, 0x0000000087700000|  0%| F|  |TAMS 0x0000000087600000, 0x0000000087600000| Untracked 
|  79|0x0000000087700000, 0x0000000087700000, 0x0000000087800000|  0%| F|  |TAMS 0x0000000087700000, 0x0000000087700000| Untracked 
|  80|0x0000000087800000, 0x0000000087800000, 0x0000000087900000|  0%| F|  |TAMS 0x0000000087800000, 0x0000000087800000| Untracked 
|  81|0x0000000087900000, 0x0000000087900000, 0x0000000087a00000|  0%| F|  |TAMS 0x0000000087900000, 0x0000000087900000| Untracked 
|  82|0x0000000087a00000, 0x0000000087a00000, 0x0000000087b00000|  0%| F|  |TAMS 0x0000000087a00000, 0x0000000087a00000| Untracked 
|  83|0x0000000087b00000, 0x0000000087b00000, 0x0000000087c00000|  0%| F|  |TAMS 0x0000000087b00000, 0x0000000087b00000| Untracked 
|  84|0x0000000087c00000, 0x0000000087c00000, 0x0000000087d00000|  0%| F|  |TAMS 0x0000000087c00000, 0x0000000087c00000| Untracked 
|  85|0x0000000087d00000, 0x0000000087d00000, 0x0000000087e00000|  0%| F|  |TAMS 0x0000000087d00000, 0x0000000087d00000| Untracked 
|  86|0x0000000087e00000, 0x0000000087e00000, 0x0000000087f00000|  0%| F|  |TAMS 0x0000000087e00000, 0x0000000087e00000| Untracked 
|  87|0x0000000087f00000, 0x0000000087f00000, 0x0000000088000000|  0%| F|  |TAMS 0x0000000087f00000, 0x0000000087f00000| Untracked 
|  88|0x0000000088000000, 0x0000000088000000, 0x0000000088100000|  0%| F|  |TAMS 0x0000000088000000, 0x0000000088000000| Untracked 
|  89|0x0000000088100000, 0x0000000088100000, 0x0000000088200000|  0%| F|  |TAMS 0x0000000088100000, 0x0000000088100000| Untracked 
|  90|0x0000000088200000, 0x0000000088200000, 0x0000000088300000|  0%| F|  |TAMS 0x0000000088200000, 0x0000000088200000| Untracked 
|  91|0x0000000088300000, 0x0000000088300000, 0x0000000088400000|  0%| F|  |TAMS 0x0000000088300000, 0x0000000088300000| Untracked 
|  92|0x0000000088400000, 0x0000000088400000, 0x0000000088500000|  0%| F|  |TAMS 0x0000000088400000, 0x0000000088400000| Untracked 
|  93|0x0000000088500000, 0x0000000088500000, 0x0000000088600000|  0%| F|  |TAMS 0x0000000088500000, 0x0000000088500000| Untracked 
|  94|0x0000000088600000, 0x0000000088600000, 0x0000000088700000|  0%| F|  |TAMS 0x0000000088600000, 0x0000000088600000| Untracked 
|  95|0x0000000088700000, 0x0000000088700000, 0x0000000088800000|  0%| F|  |TAMS 0x0000000088700000, 0x0000000088700000| Untracked 
|  96|0x0000000088800000, 0x0000000088800000, 0x0000000088900000|  0%| F|  |TAMS 0x0000000088800000, 0x0000000088800000| Untracked 
|  97|0x0000000088900000, 0x0000000088900000, 0x0000000088a00000|  0%| F|  |TAMS 0x0000000088900000, 0x0000000088900000| Untracked 
|  98|0x0000000088a00000, 0x0000000088a00000, 0x0000000088b00000|  0%| F|  |TAMS 0x0000000088a00000, 0x0000000088a00000| Untracked 
|  99|0x0000000088b00000, 0x0000000088b00000, 0x0000000088c00000|  0%| F|  |TAMS 0x0000000088b00000, 0x0000000088b00000| Untracked 
| 100|0x0000000088c00000, 0x0000000088c00000, 0x0000000088d00000|  0%| F|  |TAMS 0x0000000088c00000, 0x0000000088c00000| Untracked 
| 101|0x0000000088d00000, 0x0000000088d00000, 0x0000000088e00000|  0%| F|  |TAMS 0x0000000088d00000, 0x0000000088d00000| Untracked 
| 102|0x0000000088e00000, 0x0000000088e00000, 0x0000000088f00000|  0%| F|  |TAMS 0x0000000088e00000, 0x0000000088e00000| Untracked 
| 103|0x0000000088f00000, 0x0000000088f00000, 0x0000000089000000|  0%| F|  |TAMS 0x0000000088f00000, 0x0000000088f00000| Untracked 
| 104|0x0000000089000000, 0x0000000089000000, 0x0000000089100000|  0%| F|  |TAMS 0x0000000089000000, 0x0000000089000000| Untracked 
| 105|0x0000000089100000, 0x00000000891837d8, 0x0000000089200000| 51%| S|  |TAMS 0x0000000089100000, 0x0000000089100000| Complete 
| 106|0x0000000089200000, 0x0000000089300000, 0x0000000089300000|100%| S|  |TAMS 0x0000000089200000, 0x0000000089200000| Complete 
| 107|0x0000000089300000, 0x0000000089382ec8, 0x0000000089400000| 51%| E|CS|TAMS 0x0000000089300000, 0x0000000089382ec8| Complete 
| 108|0x0000000089400000, 0x0000000089500000, 0x0000000089500000|100%| E|CS|TAMS 0x0000000089400000, 0x0000000089500000| Complete 
| 109|0x0000000089500000, 0x0000000089600000, 0x0000000089600000|100%| E|CS|TAMS 0x0000000089500000, 0x0000000089600000| Complete 
| 110|0x0000000089600000, 0x0000000089700000, 0x0000000089700000|100%| E|CS|TAMS 0x0000000089600000, 0x0000000089700000| Complete 
| 111|0x0000000089700000, 0x0000000089800000, 0x0000000089800000|100%| E|CS|TAMS 0x0000000089700000, 0x0000000089800000| Complete 
| 112|0x0000000089800000, 0x0000000089900000, 0x0000000089900000|100%| E|CS|TAMS 0x0000000089800000, 0x0000000089900000| Complete 
| 113|0x0000000089900000, 0x0000000089a00000, 0x0000000089a00000|100%| E|CS|TAMS 0x0000000089900000, 0x0000000089a00000| Complete 
| 114|0x0000000089a00000, 0x0000000089b00000, 0x0000000089b00000|100%| E|CS|TAMS 0x0000000089a00000, 0x0000000089b00000| Complete 
| 115|0x0000000089b00000, 0x0000000089c00000, 0x0000000089c00000|100%| E|CS|TAMS 0x0000000089b00000, 0x0000000089c00000| Complete 
| 116|0x0000000089c00000, 0x0000000089d00000, 0x0000000089d00000|100%| E|CS|TAMS 0x0000000089c00000, 0x0000000089d00000| Complete 
| 117|0x0000000089d00000, 0x0000000089e00000, 0x0000000089e00000|100%| E|CS|TAMS 0x0000000089d00000, 0x0000000089e00000| Complete 
| 118|0x0000000089e00000, 0x0000000089f00000, 0x0000000089f00000|100%| E|CS|TAMS 0x0000000089e00000, 0x0000000089f00000| Complete 
| 119|0x0000000089f00000, 0x000000008a000000, 0x000000008a000000|100%| E|CS|TAMS 0x0000000089f00000, 0x000000008a000000| Complete 
| 120|0x000000008a000000, 0x000000008a100000, 0x000000008a100000|100%| E|CS|TAMS 0x000000008a000000, 0x000000008a100000| Complete 
| 121|0x000000008a100000, 0x000000008a200000, 0x000000008a200000|100%| E|CS|TAMS 0x000000008a100000, 0x000000008a200000| Complete 
| 122|0x000000008a200000, 0x000000008a300000, 0x000000008a300000|100%| E|CS|TAMS 0x000000008a200000, 0x000000008a300000| Complete 
| 123|0x000000008a300000, 0x000000008a400000, 0x000000008a400000|100%| E|CS|TAMS 0x000000008a300000, 0x000000008a400000| Complete 
| 124|0x000000008a400000, 0x000000008a500000, 0x000000008a500000|100%| E|CS|TAMS 0x000000008a400000, 0x000000008a500000| Complete 
| 125|0x000000008a500000, 0x000000008a600000, 0x000000008a600000|100%| E|CS|TAMS 0x000000008a500000, 0x000000008a600000| Complete 
| 126|0x000000008a600000, 0x000000008a700000, 0x000000008a700000|100%| E|CS|TAMS 0x000000008a600000, 0x000000008a700000| Complete 
| 127|0x000000008a700000, 0x000000008a800000, 0x000000008a800000|100%| E|CS|TAMS 0x000000008a700000, 0x000000008a800000| Complete 
| 128|0x000000008a800000, 0x000000008a900000, 0x000000008a900000|100%| E|CS|TAMS 0x000000008a800000, 0x000000008a900000| Complete 
| 129|0x000000008a900000, 0x000000008aa00000, 0x000000008aa00000|100%| E|CS|TAMS 0x000000008a900000, 0x000000008aa00000| Complete 
| 130|0x000000008aa00000, 0x000000008ab00000, 0x000000008ab00000|100%| E|CS|TAMS 0x000000008aa00000, 0x000000008ab00000| Complete 
| 131|0x000000008ab00000, 0x000000008ac00000, 0x000000008ac00000|100%| E|CS|TAMS 0x000000008ab00000, 0x000000008ac00000| Complete 
| 132|0x000000008ac00000, 0x000000008ad00000, 0x000000008ad00000|100%| E|CS|TAMS 0x000000008ac00000, 0x000000008ad00000| Complete 
| 133|0x000000008ad00000, 0x000000008ae00000, 0x000000008ae00000|100%| E|CS|TAMS 0x000000008ad00000, 0x000000008ae00000| Complete 
| 134|0x000000008ae00000, 0x000000008af00000, 0x000000008af00000|100%| E|CS|TAMS 0x000000008ae00000, 0x000000008af00000| Complete 
| 135|0x000000008af00000, 0x000000008b000000, 0x000000008b000000|100%| E|CS|TAMS 0x000000008af00000, 0x000000008b000000| Complete 
| 136|0x000000008b000000, 0x000000008b100000, 0x000000008b100000|100%| E|CS|TAMS 0x000000008b000000, 0x000000008b100000| Complete 
| 137|0x000000008b100000, 0x000000008b200000, 0x000000008b200000|100%| E|CS|TAMS 0x000000008b100000, 0x000000008b200000| Complete 
| 138|0x000000008b200000, 0x000000008b300000, 0x000000008b300000|100%| E|CS|TAMS 0x000000008b200000, 0x000000008b300000| Complete 
| 139|0x000000008b300000, 0x000000008b400000, 0x000000008b400000|100%| E|CS|TAMS 0x000000008b300000, 0x000000008b400000| Complete 
| 140|0x000000008b400000, 0x000000008b500000, 0x000000008b500000|100%| E|CS|TAMS 0x000000008b400000, 0x000000008b500000| Complete 
| 141|0x000000008b500000, 0x000000008b600000, 0x000000008b600000|100%| E|CS|TAMS 0x000000008b500000, 0x000000008b600000| Complete 
| 142|0x000000008b600000, 0x000000008b700000, 0x000000008b700000|100%| E|CS|TAMS 0x000000008b600000, 0x000000008b700000| Complete 
| 143|0x000000008b700000, 0x000000008b800000, 0x000000008b800000|100%| E|CS|TAMS 0x000000008b700000, 0x000000008b800000| Complete 
| 144|0x000000008b800000, 0x000000008b900000, 0x000000008b900000|100%| E|CS|TAMS 0x000000008b800000, 0x000000008b900000| Complete 
| 145|0x000000008b900000, 0x000000008ba00000, 0x000000008ba00000|100%| E|CS|TAMS 0x000000008b900000, 0x000000008ba00000| Complete 
| 146|0x000000008ba00000, 0x000000008bb00000, 0x000000008bb00000|100%| E|CS|TAMS 0x000000008ba00000, 0x000000008bb00000| Complete 
| 147|0x000000008bb00000, 0x000000008bc00000, 0x000000008bc00000|100%| E|CS|TAMS 0x000000008bb00000, 0x000000008bc00000| Complete 
| 148|0x000000008bc00000, 0x000000008bd00000, 0x000000008bd00000|100%| E|CS|TAMS 0x000000008bc00000, 0x000000008bd00000| Complete 
| 149|0x000000008bd00000, 0x000000008be00000, 0x000000008be00000|100%| E|CS|TAMS 0x000000008bd00000, 0x000000008be00000| Complete 
| 150|0x000000008be00000, 0x000000008bf00000, 0x000000008bf00000|100%| E|CS|TAMS 0x000000008be00000, 0x000000008bf00000| Complete 
| 151|0x000000008bf00000, 0x000000008c000000, 0x000000008c000000|100%| E|CS|TAMS 0x000000008bf00000, 0x000000008c000000| Complete 

Card table byte_map: [0x00000282446b0000,0x0000028244aa0000] _byte_map_base: 0x000002824429c000

Marking Bits (Prev, Next): (CMBitMap*) 0x000002822a98c760, (CMBitMap*) 0x000002822a98c728
 Prev Bits: [0x0000028246df0000, 0x0000028248d50000)
 Next Bits: [0x0000028244e90000, 0x0000028246df0000)

Polling page: 0x000002822aa20000

Metaspace:

Usage:
  Non-class:     30.26 MB capacity,    29.60 MB ( 98%) used,   542.06 KB (  2%) free+waste,   143.50 KB ( <1%) overhead. 
      Class:      4.70 MB capacity,     4.20 MB ( 89%) used,   440.32 KB (  9%) free+waste,    72.50 KB (  2%) overhead. 
       Both:     34.96 MB capacity,    33.79 MB ( 97%) used,   982.38 KB (  3%) free+waste,   216.00 KB ( <1%) overhead. 

Virtual space:
  Non-class space:       32.00 MB reserved,      30.33 MB ( 95%) committed 
      Class space:        1.00 GB reserved,       4.75 MB ( <1%) committed 
             Both:        1.03 GB reserved,      35.08 MB (  3%) committed 

Chunk freelists:
   Non-Class:  33.00 KB
       Class:  22.00 KB
        Both:  55.00 KB

MaxMetaspaceSize: 17179869184.00 GB
CompressedClassSpaceSize: 1.00 GB
Initial GC threshold: 20.80 MB
Current GC threshold: 35.08 MB
CDS: off

CodeHeap 'non-profiled nmethods': size=238336Kb used=5650Kb max_used=5650Kb free=232685Kb
 bounds [0x0000028234f90000, 0x0000028235520000, 0x0000028243850000]
CodeHeap 'non-nmethods': size=7424Kb used=1213Kb max_used=1213Kb free=6210Kb
 bounds [0x0000028234850000, 0x0000028234ac0000, 0x0000028234f90000]
 total_blobs=4131 nmethods=3640 adapters=417
 compilation: enabled
              stopped_count=0, restarted_count=0
 full_count=0

Compilation events (20 events):
Event: 3.072 Thread 0x000002824c0d6800 3631       1       sun.nio.fs.WindowsFileAttributes::fileKey (2 bytes)
Event: 3.072 Thread 0x000002824c0d6800 nmethod 3631 0x0000028235512990 code [0x0000028235512b40, 0x0000028235512bf8]
Event: 3.072 Thread 0x000002824c0d6800 3632       1       java.lang.StringBuilder::append (8 bytes)
Event: 3.072 Thread 0x000002824c0d6800 nmethod 3632 0x0000028235512c90 code [0x0000028235512e40, 0x0000028235512f28]
Event: 3.072 Thread 0x000002824c0d6800 3633       1       java.lang.AbstractStringBuilder::append (54 bytes)
Event: 3.072 Thread 0x000002824c0d6800 nmethod 3633 0x0000028235512f90 code [0x0000028235513180, 0x0000028235513428]
Event: 3.072 Thread 0x000002824c0d6800 3634       1       java.lang.StringBuilder::append (6 bytes)
Event: 3.073 Thread 0x000002824c0d6800 nmethod 3634 0x0000028235513590 code [0x0000028235513740, 0x0000028235513828]
Event: 3.073 Thread 0x000002824c0d6800 3635       1       java.util.Objects::toString (13 bytes)
Event: 3.073 Thread 0x000002824c0d6800 nmethod 3635 0x0000028235513910 code [0x0000028235513ac0, 0x0000028235513ba8]
Event: 3.077 Thread 0x000002824c0d6800 3636       1       java.util.regex.Pattern$BranchConn::match (11 bytes)
Event: 3.077 Thread 0x000002824c0d6800 nmethod 3636 0x0000028235513c10 code [0x0000028235513dc0, 0x0000028235513ea8]
Event: 3.081 Thread 0x000002824c0d6800 3637       1       java.lang.Integer::compare (20 bytes)
Event: 3.081 Thread 0x000002824c0d6800 nmethod 3637 0x0000028235513f10 code [0x00000282355140c0, 0x0000028235514198]
Event: 3.088 Thread 0x000002824c0d6800 3638       1       java.util.Calendar::getZone (5 bytes)
Event: 3.088 Thread 0x000002824c0d6800 nmethod 3638 0x0000028235514210 code [0x00000282355143c0, 0x0000028235514478]
Event: 3.088 Thread 0x000002824c0d6800 3639       1       java.lang.Integer::hashCode (8 bytes)
Event: 3.088 Thread 0x000002824c0d6800 nmethod 3639 0x0000028235514510 code [0x00000282355146c0, 0x0000028235514778]
Event: 3.088 Thread 0x000002824c0d6800 3640       1       java.lang.Integer::hashCode (2 bytes)
Event: 3.088 Thread 0x000002824c0d6800 nmethod 3640 0x0000028235514810 code [0x00000282355149c0, 0x0000028235514a58]

GC Heap History (13 events):
Event: 1.008 GC heap before
{Heap before GC invocations=0 (full 0):
 garbage-first heap   total 129024K, used 24576K [0x0000000082800000, 0x0000000100000000)
  region size 1024K, 24 young (24576K), 0 survivors (0K)
 Metaspace       used 14133K, capacity 14554K, committed 14720K, reserved 1062912K
  class space    used 1469K, capacity 1598K, committed 1664K, reserved 1048576K
}
Event: 1.014 GC heap after
{Heap after GC invocations=1 (full 0):
 garbage-first heap   total 129024K, used 7598K [0x0000000082800000, 0x0000000100000000)
  region size 1024K, 3 young (3072K), 3 survivors (3072K)
 Metaspace       used 14133K, capacity 14554K, committed 14720K, reserved 1062912K
  class space    used 1469K, capacity 1598K, committed 1664K, reserved 1048576K
}
Event: 1.305 GC heap before
{Heap before GC invocations=1 (full 0):
 garbage-first heap   total 129024K, used 28078K [0x0000000082800000, 0x0000000100000000)
  region size 1024K, 23 young (23552K), 3 survivors (3072K)
 Metaspace       used 17797K, capacity 18342K, committed 18432K, reserved 1064960K
  class space    used 1991K, capacity 2215K, committed 2304K, reserved 1048576K
}
Event: 1.310 GC heap after
{Heap after GC invocations=2 (full 0):
 garbage-first heap   total 129024K, used 9054K [0x0000000082800000, 0x0000000100000000)
  region size 1024K, 2 young (2048K), 2 survivors (2048K)
 Metaspace       used 17797K, capacity 18342K, committed 18432K, reserved 1064960K
  class space    used 1991K, capacity 2215K, committed 2304K, reserved 1048576K
}
Event: 1.451 GC heap before
{Heap before GC invocations=2 (full 0):
 garbage-first heap   total 129024K, used 26462K [0x0000000082800000, 0x0000000100000000)
  region size 1024K, 20 young (20480K), 2 survivors (2048K)
 Metaspace       used 20465K, capacity 21096K, committed 21296K, reserved 1069056K
  class space    used 2338K, capacity 2586K, committed 2688K, reserved 1048576K
}
Event: 1.454 GC heap after
{Heap after GC invocations=3 (full 0):
 garbage-first heap   total 129024K, used 9874K [0x0000000082800000, 0x0000000100000000)
  region size 1024K, 2 young (2048K), 2 survivors (2048K)
 Metaspace       used 20465K, capacity 21096K, committed 21296K, reserved 1069056K
  class space    used 2338K, capacity 2586K, committed 2688K, reserved 1048576K
}
Event: 1.726 GC heap before
{Heap before GC invocations=4 (full 0):
 garbage-first heap   total 129024K, used 67218K [0x0000000082800000, 0x0000000100000000)
  region size 1024K, 59 young (60416K), 2 survivors (2048K)
 Metaspace       used 23786K, capacity 24575K, committed 24880K, reserved 1071104K
  class space    used 2769K, capacity 3087K, committed 3200K, reserved 1048576K
}
Event: 1.730 GC heap after
{Heap after GC invocations=5 (full 0):
 garbage-first heap   total 129024K, used 11253K [0x0000000082800000, 0x0000000100000000)
  region size 1024K, 4 young (4096K), 4 survivors (4096K)
 Metaspace       used 23786K, capacity 24575K, committed 24880K, reserved 1071104K
  class space    used 2769K, capacity 3087K, committed 3200K, reserved 1048576K
}
Event: 2.244 GC heap before
{Heap before GC invocations=5 (full 0):
 garbage-first heap   total 129024K, used 75765K [0x0000000082800000, 0x0000000100000000)
  region size 1024K, 68 young (69632K), 4 survivors (4096K)
 Metaspace       used 27460K, capacity 28500K, committed 28720K, reserved 1075200K
  class space    used 3302K, capacity 3702K, committed 3712K, reserved 1048576K
}
Event: 2.250 GC heap after
{Heap after GC invocations=6 (full 0):
 garbage-first heap   total 129024K, used 12952K [0x0000000082800000, 0x0000000100000000)
  region size 1024K, 5 young (5120K), 5 survivors (5120K)
 Metaspace       used 27460K, capacity 28500K, committed 28720K, reserved 1075200K
  class space    used 3302K, capacity 3702K, committed 3712K, reserved 1048576K
}
Event: 2.829 GC heap before
{Heap before GC invocations=6 (full 0):
 garbage-first heap   total 129024K, used 83608K [0x0000000082800000, 0x0000000100000000)
  region size 1024K, 75 young (76800K), 5 survivors (5120K)
 Metaspace       used 32850K, capacity 34130K, committed 34224K, reserved 1079296K
  class space    used 4038K, capacity 4529K, committed 4608K, reserved 1048576K
}
Event: 2.838 GC heap after
{Heap after GC invocations=7 (full 0):
 garbage-first heap   total 155648K, used 16024K [0x0000000082800000, 0x0000000100000000)
  region size 1024K, 8 young (8192K), 8 survivors (8192K)
 Metaspace       used 32850K, capacity 34130K, committed 34224K, reserved 1079296K
  class space    used 4038K, capacity 4529K, committed 4608K, reserved 1048576K
}
Event: 3.096 GC heap before
{Heap before GC invocations=7 (full 0):
 garbage-first heap   total 155648K, used 60056K [0x0000000082800000, 0x0000000100000000)
  region size 1024K, 53 young (54272K), 8 survivors (8192K)
 Metaspace       used 34602K, capacity 35801K, committed 35920K, reserved 1081344K
  class space    used 4297K, capacity 4810K, committed 4864K, reserved 1048576K
}

Deoptimization events (0 events):
No events

Classes redefined (0 events):
No events

Internal exceptions (20 events):
Event: 2.481 Thread 0x000002822a948800 Exception <a 'java/lang/ClassNotFoundException'{0x0000000089151cc0}: org/springframework/core/OrderedCustomizer> (0x0000000089151cc0) thrown at [./src/hotspot/share/classfile/systemDictionary.cpp, line 231]
Event: 2.481 Thread 0x000002822a948800 Exception <a 'java/lang/ClassNotFoundException'{0x00000000891696e8}: org/springframework/beans/factory/BeanClassLoaderAwareCustomizer> (0x00000000891696e8) thrown at [./src/hotspot/share/classfile/systemDictionary.cpp, line 231]
Event: 2.482 Thread 0x000002822a948800 Exception <a 'java/lang/ClassNotFoundException'{0x000000008917e730}: org/springframework/beans/factory/AwareCustomizer> (0x000000008917e730) thrown at [./src/hotspot/share/classfile/systemDictionary.cpp, line 231]
Event: 2.482 Thread 0x000002822a948800 Exception <a 'java/lang/ClassNotFoundException'{0x0000000089195890}: org/springframework/aop/framework/AopInfrastructureBeanCustomizer> (0x0000000089195890) thrown at [./src/hotspot/share/classfile/systemDictionary.cpp, line 231]
Event: 2.502 Thread 0x000002822a948800 Exception <a 'java/lang/ClassNotFoundException'{0x00000000890e5038}: java/lang/ObjectCustomizer> (0x00000000890e5038) thrown at [./src/hotspot/share/classfile/systemDictionary.cpp, line 231]
Event: 2.503 Thread 0x000002822a948800 Exception <a 'java/lang/ClassNotFoundException'{0x0000000088f05068}: org/springframework/transaction/annotation/AbstractTransactionManagementConfigurationCustomizer> (0x0000000088f05068) thrown at [./src/hotspot/share/classfile/systemDictionary.cpp, line 231]
Event: 2.504 Thread 0x000002822a948800 Exception <a 'java/lang/ClassNotFoundException'{0x0000000088f23760}: org/springframework/transaction/annotation/ProxyTransactionManagementConfigurationCustomizer> (0x0000000088f23760) thrown at [./src/hotspot/share/classfile/systemDictionary.cpp, line 231]
Event: 2.504 Thread 0x000002822a948800 Exception <a 'java/lang/ClassNotFoundException'{0x0000000088f3dd30}: org/springframework/context/annotation/ImportAwareCustomizer> (0x0000000088f3dd30) thrown at [./src/hotspot/share/classfile/systemDictionary.cpp, line 231]
Event: 2.505 Thread 0x000002822a948800 Exception <a 'java/lang/ClassNotFoundException'{0x0000000088f53198}: org/springframework/beans/factory/AwareCustomizer> (0x0000000088f53198) thrown at [./src/hotspot/share/classfile/systemDictionary.cpp, line 231]
Event: 2.537 Thread 0x000002822a948800 Exception <a 'java/lang/NoSuchMethodError'{0x0000000088deafa0}: 'java.lang.Object java.lang.invoke.DirectMethodHandle$Holder.invokeSpecialIFC(java.lang.Object, java.lang.Object, java.lang.Object)'> (0x0000000088deafa0) thrown at [./src/hotspot/share/interpreter/linkResolver.cpp, line 773]
Event: 2.569 Thread 0x000002822a948800 Exception <a 'java/lang/NoSuchMethodError'{0x0000000088bfb588}: 'int java.lang.invoke.DirectMethodHandle$Holder.invokeSpecial(java.lang.Object, java.lang.Object, java.lang.Object, java.lang.Object, java.lang.Object)'> (0x0000000088bfb588) thrown at [./src/hotspot/share/interpreter/linkResolver.cpp, line 773]
Event: 2.610 Thread 0x000002822a948800 Exception <a 'java/lang/NoSuchMethodError'{0x000000008870f8e0}: 'void java.lang.invoke.DelegatingMethodHandle$Holder.delegate(java.lang.Object, java.lang.Object, int, java.lang.Object)'> (0x000000008870f8e0) thrown at [./src/hotspot/share/interpreter/linkResolver.cpp, line 773]
Event: 2.627 Thread 0x000002822a948800 Exception <a 'java/lang/NoSuchMethodError'{0x000000008865d088}: 'void java.lang.invoke.DirectMethodHandle$Holder.invokeInterface(java.lang.Object, java.lang.Object, int)'> (0x000000008865d088) thrown at [./src/hotspot/share/interpreter/linkResolver.cpp, line 773]
Event: 2.628 Thread 0x000002822a948800 Exception <a 'java/lang/NoSuchMethodError'{0x0000000088675770}: 'int java.lang.invoke.DirectMethodHandle$Holder.invokeVirtual(java.lang.Object, java.lang.Object)'> (0x0000000088675770) thrown at [./src/hotspot/share/interpreter/linkResolver.cpp, line 773]
Event: 2.629 Thread 0x000002822a948800 Exception <a 'java/lang/IncompatibleClassChangeError'{0x00000000886ab788}: Found class java.lang.Object, but interface was expected> (0x00000000886ab788) thrown at [./src/hotspot/share/interpreter/linkResolver.cpp, line 839]
Event: 2.630 Thread 0x000002822a948800 Exception <a 'java/lang/NoSuchMethodError'{0x00000000886b0630}: 'void java.lang.invoke.DirectMethodHandle$Holder.invokeStatic(java.lang.Object, int, java.lang.Object)'> (0x00000000886b0630) thrown at [./src/hotspot/share/interpreter/linkResolver.cpp, line 773]
Event: 2.825 Thread 0x000002824dc0c800 Exception <a 'java/lang/reflect/InvocationTargetException'{0x0000000089f96878}> (0x0000000089f96878) thrown at [./src/hotspot/share/runtime/reflection.cpp, line 1247]
Event: 2.906 Thread 0x000002822a948800 Exception <a 'java/io/FileNotFoundException'{0x000000008a774c80}> (0x000000008a774c80) thrown at [./src/hotspot/share/prims/jni.cpp, line 616]
Event: 2.933 Thread 0x000002822a948800 Exception <a 'java/lang/NoSuchMethodError'{0x000000008a4f1768}: 'int java.lang.invoke.DirectMethodHandle$Holder.invokeInterface(java.lang.Object, java.lang.Object, java.lang.Object, java.lang.Object)'> (0x000000008a4f1768) thrown at [./src/hotspot/share/interpreter/linkResolver.cpp, line 773]
Event: 2.979 Thread 0x000002822a948800 Exception <a 'java/io/FileNotFoundException'{0x0000000089f7b0e0}> (0x0000000089f7b0e0) thrown at [./src/hotspot/share/prims/jni.cpp, line 616]

Events (20 events):
Event: 3.090 loading class org/springframework/boot/orm/jpa/hibernate/SpringImplicitNamingStrategy done
Event: 3.091 loading class org/hibernate/boot/model/naming/ImplicitNamingStrategyJpaCompliantImpl
Event: 3.091 loading class org/hibernate/boot/model/naming/ImplicitNamingStrategyJpaCompliantImpl done
Event: 3.092 loading class org/hibernate/boot/model/naming/CamelCaseToUnderscoresNamingStrategy
Event: 3.092 loading class org/hibernate/boot/model/naming/CamelCaseToUnderscoresNamingStrategy done
Event: 3.092 loading class org/springframework/boot/autoconfigure/orm/jpa/HibernateSettings
Event: 3.092 loading class org/springframework/boot/autoconfigure/orm/jpa/HibernateSettings done
Event: 3.093 loading class org/springframework/boot/autoconfigure/orm/jpa/HibernatePropertiesCustomizer
Event: 3.093 loading class org/springframework/boot/autoconfigure/orm/jpa/HibernatePropertiesCustomizer done
Event: 3.093 loading class org/springframework/orm/hibernate5/SpringBeanContainer
Event: 3.093 loading class org/springframework/orm/hibernate5/SpringBeanContainer done
Event: 3.094 loading class org/hibernate/engine/transaction/jta/platform/internal/NoJtaPlatform
Event: 3.094 loading class org/hibernate/engine/transaction/jta/platform/internal/NoJtaPlatform done
Event: 3.094 loading class org/hibernate/engine/transaction/jta/platform/spi/JtaPlatform
Event: 3.094 loading class org/hibernate/engine/transaction/jta/platform/spi/JtaPlatform done
Event: 3.095 loading class org/hibernate/service/Service
Event: 3.095 loading class org/hibernate/service/Service done
Event: 3.096 loading class org/springframework/boot/jdbc/DataSourceUnwrapper
Event: 3.096 loading class org/springframework/boot/jdbc/DataSourceUnwrapper done
Event: 3.096 Executing VM operation: CollectForMetadataAllocation


Dynamic libraries:
0x00007ff64c1a0000 - 0x00007ff64c1ad000 	C:\Program Files\Amazon Corretto\jdk11.0.13_8\bin\java.exe
0x00007ff9270f0000 - 0x00007ff9272e8000 	C:\Windows\SYSTEM32\ntdll.dll
0x00007ff926c30000 - 0x00007ff926cef000 	C:\Windows\System32\KERNEL32.DLL
0x00007ff924e30000 - 0x00007ff925102000 	C:\Windows\System32\KERNELBASE.dll
0x00007ff924bf0000 - 0x00007ff924cf0000 	C:\Windows\System32\ucrtbase.dll
0x00007ff901bb0000 - 0x00007ff901bc9000 	C:\Program Files\Amazon Corretto\jdk11.0.13_8\bin\VCRUNTIME140.dll
0x00007ff8dddc0000 - 0x00007ff8dddd7000 	C:\Program Files\Amazon Corretto\jdk11.0.13_8\bin\jli.dll
0x00007ff925320000 - 0x00007ff9254bd000 	C:\Windows\System32\USER32.dll
0x00007ff90bd70000 - 0x00007ff90c00a000 	C:\Windows\WinSxS\amd64_microsoft.windows.common-controls_6595b64144ccf1df_6.0.19041.1110_none_60b5254171f9507e\COMCTL32.dll
0x00007ff924cf0000 - 0x00007ff924d12000 	C:\Windows\System32\win32u.dll
0x00007ff9254c0000 - 0x00007ff92555e000 	C:\Windows\System32\msvcrt.dll
0x00007ff927000000 - 0x00007ff92702b000 	C:\Windows\System32\GDI32.dll
0x00007ff924d20000 - 0x00007ff924e2f000 	C:\Windows\System32\gdi32full.dll
0x00007ff9247f0000 - 0x00007ff92488d000 	C:\Windows\System32\msvcp_win.dll
0x00007ff926fc0000 - 0x00007ff926ff2000 	C:\Windows\System32\IMM32.DLL
0x00007ff8ddd20000 - 0x00007ff8dddbb000 	C:\Program Files\Amazon Corretto\jdk11.0.13_8\bin\msvcp140.dll
0x00007ff8945d0000 - 0x00007ff89514f000 	C:\Program Files\Amazon Corretto\jdk11.0.13_8\bin\server\jvm.dll
0x00007ff925d00000 - 0x00007ff925dae000 	C:\Windows\System32\ADVAPI32.dll
0x00007ff925c60000 - 0x00007ff925cfc000 	C:\Windows\System32\sechost.dll
0x00007ff925140000 - 0x00007ff925265000 	C:\Windows\System32\RPCRT4.dll
0x00007ff9268c0000 - 0x00007ff9268c8000 	C:\Windows\System32\PSAPI.DLL
0x00007ff895b60000 - 0x00007ff895b69000 	C:\Windows\SYSTEM32\WSOCK32.dll
0x00007ff9232c0000 - 0x00007ff9232e7000 	C:\Windows\SYSTEM32\WINMM.dll
0x00007ff9260a0000 - 0x00007ff92610b000 	C:\Windows\System32\WS2_32.dll
0x00007ff91cc20000 - 0x00007ff91cc2a000 	C:\Windows\SYSTEM32\VERSION.dll
0x00007ff9223c0000 - 0x00007ff9223d2000 	C:\Windows\SYSTEM32\kernel.appcore.dll
0x00007ff904210000 - 0x00007ff904220000 	C:\Program Files\Amazon Corretto\jdk11.0.13_8\bin\verify.dll
0x00007ff9163c0000 - 0x00007ff9165a4000 	C:\Windows\SYSTEM32\DBGHELP.DLL
0x00007ff90d570000 - 0x00007ff90d59c000 	C:\Windows\SYSTEM32\dbgcore.DLL
0x00007ff924b10000 - 0x00007ff924b92000 	C:\Windows\System32\bcryptPrimitives.dll
0x00007ff8ddcf0000 - 0x00007ff8ddd18000 	C:\Program Files\Amazon Corretto\jdk11.0.13_8\bin\java.dll
0x00007ff8ddce0000 - 0x00007ff8ddcea000 	C:\Program Files\Amazon Corretto\jdk11.0.13_8\bin\jimage.dll
0x00007ff8e6800000 - 0x00007ff8e680e000 	C:\Program Files\Amazon Corretto\jdk11.0.13_8\bin\instrument.dll
0x00007ff8c1600000 - 0x00007ff8c1617000 	C:\Program Files\Amazon Corretto\jdk11.0.13_8\bin\zip.dll
0x00007ff926110000 - 0x00007ff926853000 	C:\Windows\System32\SHELL32.dll
0x00007ff922a40000 - 0x00007ff9231d2000 	C:\Windows\SYSTEM32\windows.storage.dll
0x00007ff9268d0000 - 0x00007ff926c24000 	C:\Windows\System32\combase.dll
0x00007ff9241b0000 - 0x00007ff9241e0000 	C:\Windows\SYSTEM32\Wldp.dll
0x00007ff925ad0000 - 0x00007ff925b7d000 	C:\Windows\System32\SHCORE.dll
0x00007ff926860000 - 0x00007ff9268b5000 	C:\Windows\System32\shlwapi.dll
0x00007ff924730000 - 0x00007ff92474f000 	C:\Windows\SYSTEM32\profapi.dll
0x00007ff8c15e0000 - 0x00007ff8c15f9000 	C:\Program Files\Amazon Corretto\jdk11.0.13_8\bin\net.dll
0x00007ff914610000 - 0x00007ff91471c000 	C:\Windows\SYSTEM32\WINHTTP.dll
0x00007ff923e70000 - 0x00007ff923eda000 	C:\Windows\system32\mswsock.dll
0x00007ff8c15c0000 - 0x00007ff8c15d2000 	C:\Program Files\Amazon Corretto\jdk11.0.13_8\bin\nio.dll
0x00007ff8e6630000 - 0x00007ff8e664a000 	C:\Program Files\JetBrains\IntelliJ IDEA 2021.1.3\bin\breakgen64.dll
0x00007ff923ba0000 - 0x00007ff923c6a000 	C:\Windows\SYSTEM32\DNSAPI.dll
0x00007ff923b60000 - 0x00007ff923b9b000 	C:\Windows\SYSTEM32\IPHLPAPI.DLL
0x00007ff926090000 - 0x00007ff926098000 	C:\Windows\System32\NSI.dll
0x00007ff91ba80000 - 0x00007ff91ba8a000 	C:\Windows\System32\rasadhlp.dll
0x00007ff9144d0000 - 0x00007ff914550000 	C:\Windows\System32\fwpuclnt.dll
0x00007ff925110000 - 0x00007ff925137000 	C:\Windows\System32\bcrypt.dll
0x00007ff8e67f0000 - 0x00007ff8e67f9000 	C:\Program Files\Amazon Corretto\jdk11.0.13_8\bin\management.dll
0x00007ff8e67c0000 - 0x00007ff8e67cb000 	C:\Program Files\Amazon Corretto\jdk11.0.13_8\bin\management_ext.dll
0x00007ff924090000 - 0x00007ff9240a8000 	C:\Windows\SYSTEM32\CRYPTSP.dll
0x00007ff924070000 - 0x00007ff924087000 	C:\Program Files\Common Files\Crypto Pro\AppCompat\cpadvai.dll
0x00007ff923790000 - 0x00007ff9237c4000 	C:\Windows\system32\rsaenh.dll
0x00007ff9246b0000 - 0x00007ff9246de000 	C:\Windows\SYSTEM32\USERENV.dll
0x00007ff9240b0000 - 0x00007ff9240bc000 	C:\Windows\SYSTEM32\CRYPTBASE.dll
0x00007ff91aed0000 - 0x00007ff91aee7000 	C:\Windows\SYSTEM32\dhcpcsvc6.DLL
0x00007ff91b170000 - 0x00007ff91b18d000 	C:\Windows\SYSTEM32\dhcpcsvc.DLL
0x00007ff8f4c10000 - 0x00007ff8f4c27000 	C:\Windows\system32\napinsp.dll
0x00007ff8f4bf0000 - 0x00007ff8f4c0b000 	C:\Windows\system32\pnrpnsp.dll
0x00007ff91eec0000 - 0x00007ff91eed5000 	C:\Windows\system32\wshbth.dll
0x00007ff91f7b0000 - 0x00007ff91f7cd000 	C:\Windows\system32\NLAapi.dll
0x00007ff8f4b50000 - 0x00007ff8f4b62000 	C:\Windows\System32\winrnr.dll

dbghelp: loaded successfully - version: 4.0.5 - missing functions: none
symbol engine: initialized successfully - sym options: 0x614 - pdb path: .;C:\Program Files\Amazon Corretto\jdk11.0.13_8\bin;C:\Windows\SYSTEM32;C:\Windows\WinSxS\amd64_microsoft.windows.common-controls_6595b64144ccf1df_6.0.19041.1110_none_60b5254171f9507e;C:\Program Files\Amazon Corretto\jdk11.0.13_8\bin\server;C:\Program Files\JetBrains\IntelliJ IDEA 2021.1.3\bin;C:\Program Files\Common Files\Crypto Pro\AppCompat

VM Arguments:
jvm_args: -XX:TieredStopAtLevel=1 -Xverify:none -Dspring.output.ansi.enabled=always -javaagent:C:\Program Files\JetBrains\IntelliJ IDEA 2021.1.3\lib\idea_rt.jar=50381:C:\Program Files\JetBrains\IntelliJ IDEA 2021.1.3\bin -Dcom.sun.management.jmxremote -Dspring.jmx.enabled=true -Dspring.liveBeansView.mbeanDomain -Dspring.application.admin.enabled=true -Dfile.encoding=UTF-8 
java_command: ru.kata.spring.boot_security.demo.SpringBootSecurityDemoApplication
java_class_path (initial): C:\Users\antiv\IdeaProjects\PP_3_1_2_Boot_Security\target\classes;C:\Users\antiv\.m2\repository\org\springframework\spring-tx\5.3.14\spring-tx-5.3.14.jar;C:\Users\antiv\.m2\repository\org\springframework\spring-beans\5.3.14\spring-beans-5.3.14.jar;C:\Users\antiv\.m2\repository\org\springframework\spring-core\5.3.14\spring-core-5.3.14.jar;C:\Users\antiv\.m2\repository\org\springframework\spring-jcl\5.3.14\spring-jcl-5.3.14.jar;C:\Users\antiv\.m2\repository\org\springframework\boot\spring-boot-starter-data-jpa\2.6.2\spring-boot-starter-data-jpa-2.6.2.jar;C:\Users\antiv\.m2\repository\org\springframework\boot\spring-boot-starter-aop\2.6.2\spring-boot-starter-aop-2.6.2.jar;C:\Users\antiv\.m2\repository\org\aspectj\aspectjweaver\1.9.7\aspectjweaver-1.9.7.jar;C:\Users\antiv\.m2\repository\org\springframework\boot\spring-boot-starter-jdbc\2.6.2\spring-boot-starter-jdbc-2.6.2.jar;C:\Users\antiv\.m2\repository\com\zaxxer\HikariCP\4.0.3\HikariCP-4.0.3.jar;C:\Users\antiv\.m2\repository\org\springframework\spring-jdbc\5.3.14\spring-jdbc-5.3.14.jar;C:\Users\antiv\.m2\repository\jakarta\transaction\jakarta.transaction-api\1.3.3\jakarta.transaction-api-1.3.3.jar;C:\Users\antiv\.m2\repository\jakarta\persistence\jakarta.persistence-api\2.2.3\jakarta.persistence-api-2.2.3.jar;C:\Users\antiv\.m2\repository\org\hibernate\hibernate-core\5.6.3.Final\hibernate-core-5.6.3.Final.jar;C:\Users\antiv\.m2\repository\org\jboss\logging\jboss-logging\3.4.2.Final\jboss-logging-3.4.2.Final.jar;C:\Users\antiv\.m2\repository\net\bytebuddy\byte-buddy\1.11.22\byte-buddy-1.11.22.jar;C:\Users\antiv\.m2\repository\antlr\antlr\2.7.7\antlr-2.7.7.jar;C:\Users\antiv\.m2\repository\org\jboss\jandex\2.2.3.Final\jandex-2.2.3.Final.jar;C:\Users\antiv\.m2\repository\com\fasterxml\classmate\1.5.1\classmate-1.5.1.jar;C:\Users\antiv\.m2\repository\org\hibernate\common\hibernate-commons-annotations\5.1.2.Final\hibernate-commons-annotations-5.1.2.Final.jar;C:\Users\antiv\.m2\repository\org\
Launcher Type: SUN_STANDARD

[Global flags]
     bool BytecodeVerificationLocal                = false                                     {product} {command line}
     bool BytecodeVerificationRemote               = false                                     {product} {command line}
     intx CICompilerCount                          = 4                                         {product} {ergonomic}
     uint ConcGCThreads                            = 2                                         {product} {ergonomic}
     uint G1ConcRefinementThreads                  = 8                                         {product} {ergonomic}
   size_t G1HeapRegionSize                         = 1048576                                   {product} {ergonomic}
    uintx GCDrainStackTargetSize                   = 64                                        {product} {ergonomic}
   size_t InitialHeapSize                          = 132120576                                 {product} {ergonomic}
     bool ManagementServer                         = true                                      {product} {command line}
   size_t MarkStackSize                            = 4194304                                   {product} {ergonomic}
   size_t MaxHeapSize                              = 2105540608                                {product} {ergonomic}
   size_t MaxNewSize                               = 1262485504                                {product} {ergonomic}
   size_t MinHeapDeltaBytes                        = 1048576                                   {product} {ergonomic}
    uintx NonNMethodCodeHeapSize                   = 7549744                                {pd product} {ergonomic}
    uintx NonProfiledCodeHeapSize                  = 244108496                              {pd product} {ergonomic}
    uintx ProfiledCodeHeapSize                     = 0                                      {pd product} {ergonomic}
    uintx ReservedCodeCacheSize                    = 251658240                              {pd product} {ergonomic}
     bool SegmentedCodeCache                       = true                                      {product} {ergonomic}
     intx TieredStopAtLevel                        = 1                                         {product} {command line}
     bool UseCompressedClassPointers               = true                                 {lp64_product} {ergonomic}
     bool UseCompressedOops                        = true                                 {lp64_product} {ergonomic}
     bool UseG1GC                                  = true                                      {product} {ergonomic}
     bool UseLargePagesIndividualAllocation        = false                                  {pd product} {ergonomic}

Logging:
Log output configuration:
 #0: stdout all=warning uptime,level,tags
 #1: stderr all=off uptime,level,tags

Environment Variables:
JAVA_HOME=C:\Program Files\Amazon Corretto\jdk11.0.13_8
PATH=C:\Windows;C:\Windows\System32\Wbem;C:\Windows\System32\WindowsPowerShell\v1.0\;C:\Windows\System32\OpenSSH\;C:\Program Files\Git\cmd;C:\Program Files\apache-maven-3.8.3\bin;C:\Program Files\Amazon Corretto\jdk11.0.13_8\bin;D:\kafka\bin\windows;C:\Program Files (x86)\Calibre2\;C:\Program Files\MySQL\MySQL Shell 8.0\bin\;C:\Users\antiv\AppData\Local\Microsoft\WindowsApps;
USERNAME=antiv
OS=Windows_NT
PROCESSOR_IDENTIFIER=Intel64 Family 6 Model 142 Stepping 12, GenuineIntel



---------------  S Y S T E M  ---------------

OS: Windows 10 , 64 bit Build 19041 (10.0.19041.2251)
OS uptime: 0 days 0:06 hours

CPU:total 8 (initial active 8) (4 cores per cpu, 2 threads per core) family 6 model 142 stepping 12 microcode 0xde, cmov, cx8, fxsr, mmx, sse, sse2, sse3, ssse3, sse4.1, sse4.2, popcnt, avx, avx2, aes, clmul, erms, 3dnowpref, lzcnt, ht, tsc, tscinvbit, bmi1, bmi2, adx, fma

Memory: 4k page, system-wide physical 8025M (1374M free)
TotalPageFile size 16217M (AvailPageFile size 8773M)
current process WorkingSet (physical memory assigned to process): 204M, peak: 204M
current process commit charge ("private bytes"): 282M, peak: 282M

vm_info: OpenJDK 64-Bit Server VM (11.0.13+8-LTS) for windows-amd64 JRE (11.0.13+8-LTS), built on Oct 13 2021 21:32:06 by "Administrator" with unknown MS VC++:1916

END.
